<?xml version="1.0" encoding="UTF-8"?>
<testsuite xmlns:xsi="http://www.w3.org/2001/XMLSchema-instance" xsi:noNamespaceSchemaLocation="https://maven.apache.org/surefire/maven-surefire-plugin/xsd/surefire-test-report-3.0.xsd" version="3.0" name="Searching and Adding Products to the Basket on Argos" time="100.682" tests="1" errors="0" skipped="0" failures="0">
  <properties>
[...]
</properties>
  <testcase name="Search for a product, add it to the basket,Increase the quantity by 2 , and verify" classname="Searching and Adding Products to the Basket on Argos" time="100.682">
    <system-out><![CDATA[┌──────────────────────────────────────────────────────────────────────────┐
│ View your Cucumber Report at:                                            │
│ https://reports.cucumber.io/reports/a779adee-5dfe-486c-9484-0c6f35ca4286 │
│                                                                          │
│ This report will self-destruct in 24h.                                   │
│ Keep reports forever: https://reports.cucumber.io/profile                │
└──────────────────────────────────────────────────────────────────────────┘

@sanity
Scenario: Search for a product, add it to the basket,Increase the quantity by 2 , and verify # features/AddingItems.feature:14
10:23:24.212 [pool-2-thread-1] DEBUG io.github.bonigarcia.wdm.cache.ResolutionCache - Resolution firefox=118 in cache (valid until 11:20:32 16/10/2023 BST)
10:23:24.222 [pool-2-thread-1] DEBUG io.github.bonigarcia.wdm.cache.ResolutionCache - Resolution firefox118=0.33.0 in cache (valid until 22:10:19 16/10/2023 BST)
10:23:24.223 [pool-2-thread-1] INFO io.github.bonigarcia.wdm.WebDriverManager - Using geckodriver 0.33.0 (resolved driver for Firefox 118)
10:23:24.256 [pool-2-thread-1] DEBUG io.github.bonigarcia.wdm.WebDriverManager - Driver geckodriver 0.33.0 found in cache
10:23:24.257 [pool-2-thread-1] INFO io.github.bonigarcia.wdm.WebDriverManager - Exporting webdriver.gecko.driver as C:\Users\PC\.cache\selenium\geckodriver\win64\0.33.0\geckodriver.exe
10:23:24.434 [pool-2-thread-1] DEBUG io.netty.util.internal.logging.InternalLoggerFactory - Using SLF4J as the default logging framework
10:23:24.440 [pool-2-thread-1] DEBUG io.netty.util.ResourceLeakDetector - -Dio.netty.leakDetection.level: simple
10:23:24.440 [pool-2-thread-1] DEBUG io.netty.util.ResourceLeakDetector - -Dio.netty.leakDetection.targetRecords: 4
10:23:24.450 [pool-2-thread-1] DEBUG io.netty.util.ResourceLeakDetectorFactory - Loaded default ResourceLeakDetector: io.netty.util.ResourceLeakDetector@7b4c6292
10:23:24.489 [pool-2-thread-1] DEBUG io.netty.util.internal.PlatformDependent - Platform: Windows
10:23:24.494 [pool-2-thread-1] DEBUG io.netty.util.internal.PlatformDependent0 - -Dio.netty.noUnsafe: false
10:23:24.494 [pool-2-thread-1] DEBUG io.netty.util.internal.PlatformDependent0 - Java version: 18
10:23:24.496 [pool-2-thread-1] DEBUG io.netty.util.internal.PlatformDependent0 - sun.misc.Unsafe.theUnsafe: available
10:23:24.498 [pool-2-thread-1] DEBUG io.netty.util.internal.PlatformDependent0 - sun.misc.Unsafe.copyMemory: available
10:23:24.500 [pool-2-thread-1] DEBUG io.netty.util.internal.PlatformDependent0 - java.nio.Buffer.address: available
10:23:24.506 [pool-2-thread-1] DEBUG io.netty.util.internal.PlatformDependent0 - direct buffer constructor: unavailable
java.lang.UnsupportedOperationException: Reflective setAccessible(true) disabled
	at io.netty.util.internal.ReflectionUtil.trySetAccessible(ReflectionUtil.java:31)
	at io.netty.util.internal.PlatformDependent0$4.run(PlatformDependent0.java:238)
	at java.base/java.security.AccessController.doPrivileged(AccessController.java:318)
	at io.netty.util.internal.PlatformDependent0.<clinit>(PlatformDependent0.java:232)
	at io.netty.util.internal.PlatformDependent.isAndroid(PlatformDependent.java:293)
	at io.netty.util.internal.PlatformDependent.<clinit>(PlatformDependent.java:92)
	at io.netty.util.HashedWheelTimer.<init>(HashedWheelTimer.java:109)
	at io.netty.util.HashedWheelTimer.<init>(HashedWheelTimer.java:218)
	at io.netty.util.HashedWheelTimer.<init>(HashedWheelTimer.java:197)
	at org.asynchttpclient.DefaultAsyncHttpClient.newNettyTimer(DefaultAsyncHttpClient.java:111)
	at org.asynchttpclient.DefaultAsyncHttpClient.<init>(DefaultAsyncHttpClient.java:90)
	at org.asynchttpclient.Dsl.asyncHttpClient(Dsl.java:32)
	at org.openqa.selenium.remote.http.netty.NettyClient.createHttpClient(NettyClient.java:98)
	at org.openqa.selenium.remote.http.netty.NettyClient.<clinit>(NettyClient.java:51)
	at org.openqa.selenium.remote.http.netty.NettyClient$Factory.createClient(NettyClient.java:147)
	at org.openqa.selenium.remote.HttpCommandExecutor.<init>(HttpCommandExecutor.java:107)
	at org.openqa.selenium.remote.HttpCommandExecutor.<init>(HttpCommandExecutor.java:94)
	at org.openqa.selenium.remote.HttpCommandExecutor.<init>(HttpCommandExecutor.java:85)
	at org.openqa.selenium.remote.service.DriverCommandExecutor.<init>(DriverCommandExecutor.java:68)
	at org.openqa.selenium.firefox.FirefoxDriver$FirefoxDriverCommandExecutor.<init>(FirefoxDriver.java:160)
	at org.openqa.selenium.firefox.FirefoxDriver.toExecutor(FirefoxDriver.java:236)
	at org.openqa.selenium.firefox.FirefoxDriver.<init>(FirefoxDriver.java:193)
	at org.openqa.selenium.firefox.FirefoxDriver.<init>(FirefoxDriver.java:171)
	at stepDefinitions.steps.user_launch_browser(steps.java:61)
	at java.base/jdk.internal.reflect.DirectMethodHandleAccessor.invoke(DirectMethodHandleAccessor.java:104)
	at java.base/java.lang.reflect.Method.invoke(Method.java:577)
	at io.cucumber.java.Invoker.doInvoke(Invoker.java:66)
	at io.cucumber.java.Invoker.invoke(Invoker.java:24)
	at io.cucumber.java.AbstractGlueDefinition.invokeMethod(AbstractGlueDefinition.java:47)
	at io.cucumber.java.JavaStepDefinition.execute(JavaStepDefinition.java:29)
	at io.cucumber.core.runner.CoreStepDefinition.execute(CoreStepDefinition.java:66)
	at io.cucumber.core.runner.PickleStepDefinitionMatch.runStep(PickleStepDefinitionMatch.java:63)
	at io.cucumber.core.runner.ExecutionMode$1.execute(ExecutionMode.java:10)
	at io.cucumber.core.runner.TestStep.executeStep(TestStep.java:92)
	at io.cucumber.core.runner.TestStep.run(TestStep.java:64)
	at io.cucumber.core.runner.PickleStepTestStep.run(PickleStepTestStep.java:51)
	at io.cucumber.core.runner.TestCase.run(TestCase.java:104)
	at io.cucumber.core.runner.Runner.runPickle(Runner.java:73)
	at io.cucumber.junit.PickleRunners$NoStepDescriptions.run(PickleRunners.java:151)
	at io.cucumber.junit.FeatureRunner.runChild(FeatureRunner.java:135)
	at io.cucumber.junit.FeatureRunner.runChild(FeatureRunner.java:27)
	at org.junit.runners.ParentRunner$4.run(ParentRunner.java:331)
	at org.junit.runners.ParentRunner$1.schedule(ParentRunner.java:79)
	at org.junit.runners.ParentRunner.runChildren(ParentRunner.java:329)
	at org.junit.runners.ParentRunner.access$100(ParentRunner.java:66)
	at org.junit.runners.ParentRunner$2.evaluate(ParentRunner.java:293)
	at org.junit.runners.ParentRunner$3.evaluate(ParentRunner.java:306)
	at org.junit.runners.ParentRunner.run(ParentRunner.java:413)
	at io.cucumber.junit.Cucumber.runChild(Cucumber.java:200)
	at io.cucumber.junit.Cucumber.runChild(Cucumber.java:90)
	at org.junit.runners.ParentRunner$4.run(ParentRunner.java:331)
	at org.apache.maven.surefire.junitcore.pc.Scheduler$1.run(Scheduler.java:405)
	at java.base/java.util.concurrent.Executors$RunnableAdapter.call(Executors.java:539)
	at java.base/java.util.concurrent.FutureTask.run(FutureTask.java:264)
	at java.base/java.util.concurrent.ThreadPoolExecutor.runWorker(ThreadPoolExecutor.java:1136)
	at java.base/java.util.concurrent.ThreadPoolExecutor$Worker.run(ThreadPoolExecutor.java:635)
	at java.base/java.lang.Thread.run(Thread.java:833)
10:23:24.508 [pool-2-thread-1] DEBUG io.netty.util.internal.PlatformDependent0 - java.nio.Bits.unaligned: available, true
10:23:24.512 [pool-2-thread-1] DEBUG io.netty.util.internal.PlatformDependent0 - jdk.internal.misc.Unsafe.allocateUninitializedArray(int): unavailable
java.lang.IllegalAccessException: class io.netty.util.internal.PlatformDependent0$6 cannot access class jdk.internal.misc.Unsafe (in module java.base) because module java.base does not export jdk.internal.misc to unnamed module @52a86356
	at java.base/jdk.internal.reflect.Reflection.newIllegalAccessException(Reflection.java:394)
	at java.base/java.lang.reflect.AccessibleObject.checkAccess(AccessibleObject.java:674)
	at java.base/java.lang.reflect.Method.invoke(Method.java:568)
	at io.netty.util.internal.PlatformDependent0$6.run(PlatformDependent0.java:352)
	at java.base/java.security.AccessController.doPrivileged(AccessController.java:318)
	at io.netty.util.internal.PlatformDependent0.<clinit>(PlatformDependent0.java:343)
	at io.netty.util.internal.PlatformDependent.isAndroid(PlatformDependent.java:293)
	at io.netty.util.internal.PlatformDependent.<clinit>(PlatformDependent.java:92)
	at io.netty.util.HashedWheelTimer.<init>(HashedWheelTimer.java:109)
	at io.netty.util.HashedWheelTimer.<init>(HashedWheelTimer.java:218)
	at io.netty.util.HashedWheelTimer.<init>(HashedWheelTimer.java:197)
	at org.asynchttpclient.DefaultAsyncHttpClient.newNettyTimer(DefaultAsyncHttpClient.java:111)
	at org.asynchttpclient.DefaultAsyncHttpClient.<init>(DefaultAsyncHttpClient.java:90)
	at org.asynchttpclient.Dsl.asyncHttpClient(Dsl.java:32)
	at org.openqa.selenium.remote.http.netty.NettyClient.createHttpClient(NettyClient.java:98)
	at org.openqa.selenium.remote.http.netty.NettyClient.<clinit>(NettyClient.java:51)
	at org.openqa.selenium.remote.http.netty.NettyClient$Factory.createClient(NettyClient.java:147)
	at org.openqa.selenium.remote.HttpCommandExecutor.<init>(HttpCommandExecutor.java:107)
	at org.openqa.selenium.remote.HttpCommandExecutor.<init>(HttpCommandExecutor.java:94)
	at org.openqa.selenium.remote.HttpCommandExecutor.<init>(HttpCommandExecutor.java:85)
	at org.openqa.selenium.remote.service.DriverCommandExecutor.<init>(DriverCommandExecutor.java:68)
	at org.openqa.selenium.firefox.FirefoxDriver$FirefoxDriverCommandExecutor.<init>(FirefoxDriver.java:160)
	at org.openqa.selenium.firefox.FirefoxDriver.toExecutor(FirefoxDriver.java:236)
	at org.openqa.selenium.firefox.FirefoxDriver.<init>(FirefoxDriver.java:193)
	at org.openqa.selenium.firefox.FirefoxDriver.<init>(FirefoxDriver.java:171)
	at stepDefinitions.steps.user_launch_browser(steps.java:61)
	at java.base/jdk.internal.reflect.DirectMethodHandleAccessor.invoke(DirectMethodHandleAccessor.java:104)
	at java.base/java.lang.reflect.Method.invoke(Method.java:577)
	at io.cucumber.java.Invoker.doInvoke(Invoker.java:66)
	at io.cucumber.java.Invoker.invoke(Invoker.java:24)
	at io.cucumber.java.AbstractGlueDefinition.invokeMethod(AbstractGlueDefinition.java:47)
	at io.cucumber.java.JavaStepDefinition.execute(JavaStepDefinition.java:29)
	at io.cucumber.core.runner.CoreStepDefinition.execute(CoreStepDefinition.java:66)
	at io.cucumber.core.runner.PickleStepDefinitionMatch.runStep(PickleStepDefinitionMatch.java:63)
	at io.cucumber.core.runner.ExecutionMode$1.execute(ExecutionMode.java:10)
	at io.cucumber.core.runner.TestStep.executeStep(TestStep.java:92)
	at io.cucumber.core.runner.TestStep.run(TestStep.java:64)
	at io.cucumber.core.runner.PickleStepTestStep.run(PickleStepTestStep.java:51)
	at io.cucumber.core.runner.TestCase.run(TestCase.java:104)
	at io.cucumber.core.runner.Runner.runPickle(Runner.java:73)
	at io.cucumber.junit.PickleRunners$NoStepDescriptions.run(PickleRunners.java:151)
	at io.cucumber.junit.FeatureRunner.runChild(FeatureRunner.java:135)
	at io.cucumber.junit.FeatureRunner.runChild(FeatureRunner.java:27)
	at org.junit.runners.ParentRunner$4.run(ParentRunner.java:331)
	at org.junit.runners.ParentRunner$1.schedule(ParentRunner.java:79)
	at org.junit.runners.ParentRunner.runChildren(ParentRunner.java:329)
	at org.junit.runners.ParentRunner.access$100(ParentRunner.java:66)
	at org.junit.runners.ParentRunner$2.evaluate(ParentRunner.java:293)
	at org.junit.runners.ParentRunner$3.evaluate(ParentRunner.java:306)
	at org.junit.runners.ParentRunner.run(ParentRunner.java:413)
	at io.cucumber.junit.Cucumber.runChild(Cucumber.java:200)
	at io.cucumber.junit.Cucumber.runChild(Cucumber.java:90)
	at org.junit.runners.ParentRunner$4.run(ParentRunner.java:331)
	at org.apache.maven.surefire.junitcore.pc.Scheduler$1.run(Scheduler.java:405)
	at java.base/java.util.concurrent.Executors$RunnableAdapter.call(Executors.java:539)
	at java.base/java.util.concurrent.FutureTask.run(FutureTask.java:264)
	at java.base/java.util.concurrent.ThreadPoolExecutor.runWorker(ThreadPoolExecutor.java:1136)
	at java.base/java.util.concurrent.ThreadPoolExecutor$Worker.run(ThreadPoolExecutor.java:635)
	at java.base/java.lang.Thread.run(Thread.java:833)
10:23:24.512 [pool-2-thread-1] DEBUG io.netty.util.internal.PlatformDependent0 - java.nio.DirectByteBuffer.<init>(long, int): unavailable
10:23:24.513 [pool-2-thread-1] DEBUG io.netty.util.internal.PlatformDependent - sun.misc.Unsafe: available
10:23:24.514 [pool-2-thread-1] DEBUG io.netty.util.internal.PlatformDependent - maxDirectMemory: 4269801472 bytes (maybe)
10:23:24.514 [pool-2-thread-1] DEBUG io.netty.util.internal.PlatformDependent - -Dio.netty.tmpdir: C:\Users\PC\AppData\Local\Temp (java.io.tmpdir)
10:23:24.514 [pool-2-thread-1] DEBUG io.netty.util.internal.PlatformDependent - -Dio.netty.bitMode: 64 (sun.arch.data.model)
10:23:24.517 [pool-2-thread-1] DEBUG io.netty.util.internal.PlatformDependent - -Dio.netty.maxDirectMemory: -1 bytes
10:23:24.518 [pool-2-thread-1] DEBUG io.netty.util.internal.PlatformDependent - -Dio.netty.uninitializedArrayAllocationThreshold: -1
10:23:24.521 [pool-2-thread-1] DEBUG io.netty.util.internal.CleanerJava9 - java.nio.ByteBuffer.cleaner(): available
10:23:24.521 [pool-2-thread-1] DEBUG io.netty.util.internal.PlatformDependent - -Dio.netty.noPreferDirect: false
10:23:24.546 [pool-2-thread-1] DEBUG io.netty.util.internal.PlatformDependent - org.jctools-core.MpscChunkedArrayQueue: available
10:23:24.591 [pool-2-thread-1] DEBUG io.netty.util.internal.InternalThreadLocalMap - -Dio.netty.threadLocalMap.stringBuilder.initialSize: 1024
10:23:24.592 [pool-2-thread-1] DEBUG io.netty.util.internal.InternalThreadLocalMap - -Dio.netty.threadLocalMap.stringBuilder.maxSize: 4096
10:23:24.709 [pool-2-thread-1] DEBUG io.netty.handler.ssl.JdkSslContext - Default protocols (JDK): [TLSv1.3, TLSv1.2] 
10:23:24.709 [pool-2-thread-1] DEBUG io.netty.handler.ssl.JdkSslContext - Default cipher suites (JDK): [TLS_ECDHE_ECDSA_WITH_AES_256_GCM_SHA384, TLS_ECDHE_ECDSA_WITH_AES_128_GCM_SHA256, TLS_ECDHE_RSA_WITH_AES_128_GCM_SHA256, TLS_ECDHE_RSA_WITH_AES_256_GCM_SHA384, TLS_ECDHE_RSA_WITH_AES_128_CBC_SHA, TLS_ECDHE_RSA_WITH_AES_256_CBC_SHA, TLS_RSA_WITH_AES_128_GCM_SHA256, TLS_RSA_WITH_AES_128_CBC_SHA, TLS_RSA_WITH_AES_256_CBC_SHA, TLS_AES_128_GCM_SHA256, TLS_AES_256_GCM_SHA384]
10:23:24.764 [pool-2-thread-1] DEBUG io.netty.channel.MultithreadEventLoopGroup - -Dio.netty.eventLoopThreads: 8
10:23:24.779 [pool-2-thread-1] DEBUG io.netty.channel.nio.NioEventLoop - -Dio.netty.noKeySetOptimization: false
10:23:24.779 [pool-2-thread-1] DEBUG io.netty.channel.nio.NioEventLoop - -Dio.netty.selectorAutoRebuildThreshold: 512
10:23:24.859 [pool-2-thread-1] DEBUG io.netty.buffer.PooledByteBufAllocator - -Dio.netty.allocator.numHeapArenas: 8
10:23:24.859 [pool-2-thread-1] DEBUG io.netty.buffer.PooledByteBufAllocator - -Dio.netty.allocator.numDirectArenas: 8
10:23:24.859 [pool-2-thread-1] DEBUG io.netty.buffer.PooledByteBufAllocator - -Dio.netty.allocator.pageSize: 8192
10:23:24.859 [pool-2-thread-1] DEBUG io.netty.buffer.PooledByteBufAllocator - -Dio.netty.allocator.maxOrder: 11
10:23:24.859 [pool-2-thread-1] DEBUG io.netty.buffer.PooledByteBufAllocator - -Dio.netty.allocator.chunkSize: 16777216
10:23:24.859 [pool-2-thread-1] DEBUG io.netty.buffer.PooledByteBufAllocator - -Dio.netty.allocator.smallCacheSize: 256
10:23:24.859 [pool-2-thread-1] DEBUG io.netty.buffer.PooledByteBufAllocator - -Dio.netty.allocator.normalCacheSize: 64
10:23:24.859 [pool-2-thread-1] DEBUG io.netty.buffer.PooledByteBufAllocator - -Dio.netty.allocator.maxCachedBufferCapacity: 32768
10:23:24.859 [pool-2-thread-1] DEBUG io.netty.buffer.PooledByteBufAllocator - -Dio.netty.allocator.cacheTrimInterval: 8192
10:23:24.860 [pool-2-thread-1] DEBUG io.netty.buffer.PooledByteBufAllocator - -Dio.netty.allocator.cacheTrimIntervalMillis: 0
10:23:24.860 [pool-2-thread-1] DEBUG io.netty.buffer.PooledByteBufAllocator - -Dio.netty.allocator.useCacheForAllThreads: true
10:23:24.860 [pool-2-thread-1] DEBUG io.netty.buffer.PooledByteBufAllocator - -Dio.netty.allocator.maxCachedByteBuffersPerChunk: 1023
10:23:24.877 [pool-2-thread-1] DEBUG io.netty.buffer.ByteBufUtil - -Dio.netty.allocator.type: pooled
10:23:24.877 [pool-2-thread-1] DEBUG io.netty.buffer.ByteBufUtil - -Dio.netty.threadLocalDirectBufferSize: 0
10:23:24.877 [pool-2-thread-1] DEBUG io.netty.buffer.ByteBufUtil - -Dio.netty.maxThreadLocalCharBufferSize: 16384
10:23:25.453 [Forwarding newSession on session null to remote] DEBUG io.netty.channel.DefaultChannelId - -Dio.netty.processId: 9688 (auto-detected)
10:23:25.455 [Forwarding newSession on session null to remote] DEBUG io.netty.util.NetUtil - -Djava.net.preferIPv4Stack: false
10:23:25.455 [Forwarding newSession on session null to remote] DEBUG io.netty.util.NetUtil - -Djava.net.preferIPv6Addresses: false
10:23:25.473 [Forwarding newSession on session null to remote] DEBUG io.netty.util.NetUtilInitializations - Loopback interface: lo (Software Loopback Interface 1, 127.0.0.1)
10:23:25.475 [Forwarding newSession on session null to remote] DEBUG io.netty.util.NetUtil - Failed to get SOMAXCONN from sysctl and file \proc\sys\net\core\somaxconn. Default: 200
10:23:25.545 [Forwarding newSession on session null to remote] DEBUG io.netty.channel.DefaultChannelId - -Dio.netty.machineId: 48:51:b7:ff:fe:1b:04:36 (auto-detected)
10:23:25.626 [AsyncHttpClient-1-2] DEBUG io.netty.buffer.AbstractByteBuf - -Dio.netty.buffer.checkAccessible: true
10:23:25.626 [AsyncHttpClient-1-2] DEBUG io.netty.buffer.AbstractByteBuf - -Dio.netty.buffer.checkBounds: true
10:23:25.626 [AsyncHttpClient-1-2] DEBUG io.netty.util.ResourceLeakDetectorFactory - Loaded default ResourceLeakDetector: io.netty.util.ResourceLeakDetector@497369dd
10:23:25.650 [AsyncHttpClient-1-2] DEBUG org.asynchttpclient.netty.channel.NettyConnectListener - Using new Channel '[id: 0x279a2490, L:/127.0.0.1:57816 - R:localhost/127.0.0.1:35963]' for 'POST' to '/session'
10:23:25.677 [AsyncHttpClient-1-2] DEBUG io.netty.util.Recycler - -Dio.netty.recycler.maxCapacityPerThread: 4096
10:23:25.677 [AsyncHttpClient-1-2] DEBUG io.netty.util.Recycler - -Dio.netty.recycler.maxSharedCapacityFactor: 2
10:23:25.677 [AsyncHttpClient-1-2] DEBUG io.netty.util.Recycler - -Dio.netty.recycler.linkCapacity: 16
10:23:25.677 [AsyncHttpClient-1-2] DEBUG io.netty.util.Recycler - -Dio.netty.recycler.ratio: 8
10:23:25.677 [AsyncHttpClient-1-2] DEBUG io.netty.util.Recycler - -Dio.netty.recycler.delayedQueue.ratio: 8
10:23:31.020 [AsyncHttpClient-1-2] DEBUG org.asynchttpclient.netty.handler.HttpHandler - 

Request DefaultHttpRequest(decodeResult: success, version: HTTP/1.1)
POST /session HTTP/1.1
User-Agent: selenium/4.0.0-beta-3 (java windows)
Content-Length: 381
Content-Type: application/json; charset=utf-8
host: localhost:35963
accept: */*

Response DefaultHttpResponse(decodeResult: success, version: HTTP/1.1)
HTTP/1.1 200 OK
content-type: application/json; charset=utf-8
cache-control: no-cache
content-length: 741
date: Mon, 16 Oct 2023 09:23:25 GMT

10:23:31.036 [AsyncHttpClient-1-2] DEBUG org.asynchttpclient.netty.channel.ChannelManager - Adding key: http://localhost:35963 for channel [id: 0x279a2490, L:/127.0.0.1:57816 - R:localhost/127.0.0.1:35963]
10:23:31.240 [AsyncHttpClient-1-3] DEBUG org.asynchttpclient.netty.channel.NettyConnectListener - Using new Channel '[id: 0x79228316, L:/127.0.0.1:57838 - R:/127.0.0.1:9222]' for 'GET' to '/json/version'
10:23:31.254 [AsyncHttpClient-1-3] DEBUG org.asynchttpclient.netty.handler.HttpHandler - 

Request DefaultFullHttpRequest(decodeResult: success, version: HTTP/1.1, content: EmptyByteBufBE)
GET /json/version HTTP/1.1
User-Agent: selenium/4.0.0-beta-3 (java windows)
host: 127.0.0.1:9222
accept: */*

Response DefaultHttpResponse(decodeResult: success, version: HTTP/1.1)
HTTP/1.1 200 OK
content-type: application/json
content-security-policy: frame-ancestors 'none'
connection: close
server: httpd.js
date: Mon, 16 Oct 2023 09:23:31 GMT

10:23:31.259 [AsyncHttpClient-1-3] DEBUG org.asynchttpclient.netty.channel.ChannelManager - Closing Channel [id: 0x79228316, L:/127.0.0.1:57838 ! R:/127.0.0.1:9222] 
10:23:31.259 [AsyncHttpClient-1-3] DEBUG org.asynchttpclient.netty.handler.HttpHandler - Channel Closed: [id: 0x79228316, L:/127.0.0.1:57838 ! R:/127.0.0.1:9222] with attribute DISCARD
10:23:31.263 [AsyncHttpClient-1-1] DEBUG org.asynchttpclient.netty.channel.DefaultChannelPool - Entry count for : http://localhost:35963 : 1
10:23:31.294 [Forwarding setTimeout on session 00dae27a-c9d7-4558-8933-3fa46a9c4495 to remote] DEBUG org.asynchttpclient.netty.request.NettyRequestSender - Using pooled Channel '[id: 0x279a2490, L:/127.0.0.1:57816 - R:localhost/127.0.0.1:35963]' for 'POST' to 'http://localhost:35963/session/00dae27a-c9d7-4558-8933-3fa46a9c4495/timeouts'
10:23:31.295 [Forwarding setTimeout on session 00dae27a-c9d7-4558-8933-3fa46a9c4495 to remote] DEBUG org.asynchttpclient.netty.request.NettyRequestSender - Using open Channel [id: 0x279a2490, L:/127.0.0.1:57816 - R:localhost/127.0.0.1:35963] for POST '/session/00dae27a-c9d7-4558-8933-3fa46a9c4495/timeouts'
10:23:31.306 [AsyncHttpClient-1-2] DEBUG org.asynchttpclient.netty.handler.HttpHandler - 

Request DefaultHttpRequest(decodeResult: success, version: HTTP/1.1)
POST /session/00dae27a-c9d7-4558-8933-3fa46a9c4495/timeouts HTTP/1.1
User-Agent: selenium/4.0.0-beta-3 (java windows)
Content-Length: 23
Content-Type: application/json; charset=utf-8
host: localhost:35963
accept: */*

Response DefaultHttpResponse(decodeResult: success, version: HTTP/1.1)
HTTP/1.1 200 OK
content-type: application/json; charset=utf-8
cache-control: no-cache
content-length: 14
date: Mon, 16 Oct 2023 09:23:31 GMT

10:23:31.307 [AsyncHttpClient-1-2] DEBUG org.asynchttpclient.netty.channel.ChannelManager - Adding key: http://localhost:35963 for channel [id: 0x279a2490, L:/127.0.0.1:57816 - R:localhost/127.0.0.1:35963]
  Given User Launch browser                                                                  # stepDefinitions.steps.user_launch_browser()
10:23:31.315 [Forwarding get on session 00dae27a-c9d7-4558-8933-3fa46a9c4495 to remote] DEBUG org.asynchttpclient.netty.request.NettyRequestSender - Using pooled Channel '[id: 0x279a2490, L:/127.0.0.1:57816 - R:localhost/127.0.0.1:35963]' for 'POST' to 'http://localhost:35963/session/00dae27a-c9d7-4558-8933-3fa46a9c4495/url'
10:23:31.316 [Forwarding get on session 00dae27a-c9d7-4558-8933-3fa46a9c4495 to remote] DEBUG org.asynchttpclient.netty.request.NettyRequestSender - Using open Channel [id: 0x279a2490, L:/127.0.0.1:57816 - R:localhost/127.0.0.1:35963] for POST '/session/00dae27a-c9d7-4558-8933-3fa46a9c4495/url'
10:23:40.809 [AsyncHttpClient-1-2] DEBUG org.asynchttpclient.netty.handler.HttpHandler - 

Request DefaultHttpRequest(decodeResult: success, version: HTTP/1.1)
POST /session/00dae27a-c9d7-4558-8933-3fa46a9c4495/url HTTP/1.1
User-Agent: selenium/4.0.0-beta-3 (java windows)
Content-Length: 54
Content-Type: application/json; charset=utf-8
host: localhost:35963
accept: */*

Response DefaultHttpResponse(decodeResult: success, version: HTTP/1.1)
HTTP/1.1 200 OK
content-type: application/json; charset=utf-8
cache-control: no-cache
content-length: 14
date: Mon, 16 Oct 2023 09:23:31 GMT

10:23:40.810 [AsyncHttpClient-1-2] DEBUG org.asynchttpclient.netty.channel.ChannelManager - Adding key: http://localhost:35963 for channel [id: 0x279a2490, L:/127.0.0.1:57816 - R:localhost/127.0.0.1:35963]
10:23:40.839 [Forwarding maximizeCurrentWindow on session 00dae27a-c9d7-4558-8933-3fa46a9c4495 to remote] DEBUG org.asynchttpclient.netty.request.NettyRequestSender - Using pooled Channel '[id: 0x279a2490, L:/127.0.0.1:57816 - R:localhost/127.0.0.1:35963]' for 'POST' to 'http://localhost:35963/session/00dae27a-c9d7-4558-8933-3fa46a9c4495/window/maximize'
10:23:40.840 [Forwarding maximizeCurrentWindow on session 00dae27a-c9d7-4558-8933-3fa46a9c4495 to remote] DEBUG org.asynchttpclient.netty.request.NettyRequestSender - Using open Channel [id: 0x279a2490, L:/127.0.0.1:57816 - R:localhost/127.0.0.1:35963] for POST '/session/00dae27a-c9d7-4558-8933-3fa46a9c4495/window/maximize'
10:23:40.854 [AsyncHttpClient-1-2] DEBUG org.asynchttpclient.netty.handler.HttpHandler - 

Request DefaultHttpRequest(decodeResult: success, version: HTTP/1.1)
POST /session/00dae27a-c9d7-4558-8933-3fa46a9c4495/window/maximize HTTP/1.1
User-Agent: selenium/4.0.0-beta-3 (java windows)
Content-Length: 3
Content-Type: application/json; charset=utf-8
host: localhost:35963
accept: */*

Response DefaultHttpResponse(decodeResult: success, version: HTTP/1.1)
HTTP/1.1 200 OK
content-type: application/json; charset=utf-8
cache-control: no-cache
content-length: 51
date: Mon, 16 Oct 2023 09:23:40 GMT

10:23:40.855 [AsyncHttpClient-1-2] DEBUG org.asynchttpclient.netty.channel.ChannelManager - Adding key: http://localhost:35963 for channel [id: 0x279a2490, L:/127.0.0.1:57816 - R:localhost/127.0.0.1:35963]
  And opens URL "https://www.argos.co.uk/"                                                   # stepDefinitions.steps.opens_url(java.lang.String)
10:23:41.076 [Forwarding findElement on session 00dae27a-c9d7-4558-8933-3fa46a9c4495 to remote] DEBUG org.asynchttpclient.netty.request.NettyRequestSender - Using pooled Channel '[id: 0x279a2490, L:/127.0.0.1:57816 - R:localhost/127.0.0.1:35963]' for 'POST' to 'http://localhost:35963/session/00dae27a-c9d7-4558-8933-3fa46a9c4495/element'
10:23:41.076 [Forwarding findElement on session 00dae27a-c9d7-4558-8933-3fa46a9c4495 to remote] DEBUG org.asynchttpclient.netty.request.NettyRequestSender - Using open Channel [id: 0x279a2490, L:/127.0.0.1:57816 - R:localhost/127.0.0.1:35963] for POST '/session/00dae27a-c9d7-4558-8933-3fa46a9c4495/element'
10:23:41.588 [AsyncHttpClient-1-2] DEBUG org.asynchttpclient.netty.handler.HttpHandler - 

Request DefaultHttpRequest(decodeResult: success, version: HTTP/1.1)
POST /session/00dae27a-c9d7-4558-8933-3fa46a9c4495/element HTTP/1.1
User-Agent: selenium/4.0.0-beta-3 (java windows)
Content-Length: 84
Content-Type: application/json; charset=utf-8
host: localhost:35963
accept: */*

Response DefaultHttpResponse(decodeResult: success, version: HTTP/1.1)
HTTP/1.1 200 OK
content-type: application/json; charset=utf-8
cache-control: no-cache
content-length: 88
date: Mon, 16 Oct 2023 09:23:40 GMT

10:23:41.589 [AsyncHttpClient-1-2] DEBUG org.asynchttpclient.netty.channel.ChannelManager - Adding key: http://localhost:35963 for channel [id: 0x279a2490, L:/127.0.0.1:57816 - R:localhost/127.0.0.1:35963]
10:23:41.597 [Forwarding clickElement on session 00dae27a-c9d7-4558-8933-3fa46a9c4495 to remote] DEBUG org.asynchttpclient.netty.request.NettyRequestSender - Using pooled Channel '[id: 0x279a2490, L:/127.0.0.1:57816 - R:localhost/127.0.0.1:35963]' for 'POST' to 'http://localhost:35963/session/00dae27a-c9d7-4558-8933-3fa46a9c4495/element/ce301115-a324-4a38-abbc-4d15417201d2/click'
10:23:41.597 [Forwarding clickElement on session 00dae27a-c9d7-4558-8933-3fa46a9c4495 to remote] DEBUG org.asynchttpclient.netty.request.NettyRequestSender - Using open Channel [id: 0x279a2490, L:/127.0.0.1:57816 - R:localhost/127.0.0.1:35963] for POST '/session/00dae27a-c9d7-4558-8933-3fa46a9c4495/element/ce301115-a324-4a38-abbc-4d15417201d2/click'
10:23:42.317 [AsyncHttpClient-1-2] DEBUG org.asynchttpclient.netty.handler.HttpHandler - 

Request DefaultHttpRequest(decodeResult: success, version: HTTP/1.1)
POST /session/00dae27a-c9d7-4558-8933-3fa46a9c4495/element/ce301115-a324-4a38-abbc-4d15417201d2/click HTTP/1.1
User-Agent: selenium/4.0.0-beta-3 (java windows)
Content-Length: 50
Content-Type: application/json; charset=utf-8
host: localhost:35963
accept: */*

Response DefaultHttpResponse(decodeResult: success, version: HTTP/1.1)
HTTP/1.1 200 OK
content-type: application/json; charset=utf-8
cache-control: no-cache
content-length: 14
date: Mon, 16 Oct 2023 09:23:40 GMT

10:23:42.318 [AsyncHttpClient-1-2] DEBUG org.asynchttpclient.netty.channel.ChannelManager - Adding key: http://localhost:35963 for channel [id: 0x279a2490, L:/127.0.0.1:57816 - R:localhost/127.0.0.1:35963]
10:23:42.321 [Forwarding findElement on session 00dae27a-c9d7-4558-8933-3fa46a9c4495 to remote] DEBUG org.asynchttpclient.netty.request.NettyRequestSender - Using pooled Channel '[id: 0x279a2490, L:/127.0.0.1:57816 - R:localhost/127.0.0.1:35963]' for 'POST' to 'http://localhost:35963/session/00dae27a-c9d7-4558-8933-3fa46a9c4495/element'
10:23:42.322 [Forwarding findElement on session 00dae27a-c9d7-4558-8933-3fa46a9c4495 to remote] DEBUG org.asynchttpclient.netty.request.NettyRequestSender - Using open Channel [id: 0x279a2490, L:/127.0.0.1:57816 - R:localhost/127.0.0.1:35963] for POST '/session/00dae27a-c9d7-4558-8933-3fa46a9c4495/element'
10:23:42.407 [AsyncHttpClient-1-2] DEBUG org.asynchttpclient.netty.handler.HttpHandler - 

Request DefaultHttpRequest(decodeResult: success, version: HTTP/1.1)
POST /session/00dae27a-c9d7-4558-8933-3fa46a9c4495/element HTTP/1.1
User-Agent: selenium/4.0.0-beta-3 (java windows)
Content-Length: 55
Content-Type: application/json; charset=utf-8
host: localhost:35963
accept: */*

Response DefaultHttpResponse(decodeResult: success, version: HTTP/1.1)
HTTP/1.1 200 OK
content-type: application/json; charset=utf-8
cache-control: no-cache
content-length: 88
date: Mon, 16 Oct 2023 09:23:42 GMT

10:23:42.407 [AsyncHttpClient-1-2] DEBUG org.asynchttpclient.netty.channel.ChannelManager - Adding key: http://localhost:35963 for channel [id: 0x279a2490, L:/127.0.0.1:57816 - R:localhost/127.0.0.1:35963]
10:23:42.420 [Forwarding sendKeysToElement on session 00dae27a-c9d7-4558-8933-3fa46a9c4495 to remote] DEBUG org.asynchttpclient.netty.request.NettyRequestSender - Using pooled Channel '[id: 0x279a2490, L:/127.0.0.1:57816 - R:localhost/127.0.0.1:35963]' for 'POST' to 'http://localhost:35963/session/00dae27a-c9d7-4558-8933-3fa46a9c4495/element/c9b69b55-5903-4113-9ef7-b16912798c0e/value'
10:23:42.421 [Forwarding sendKeysToElement on session 00dae27a-c9d7-4558-8933-3fa46a9c4495 to remote] DEBUG org.asynchttpclient.netty.request.NettyRequestSender - Using open Channel [id: 0x279a2490, L:/127.0.0.1:57816 - R:localhost/127.0.0.1:35963] for POST '/session/00dae27a-c9d7-4558-8933-3fa46a9c4495/element/c9b69b55-5903-4113-9ef7-b16912798c0e/value'
10:23:43.257 [AsyncHttpClient-1-2] DEBUG org.asynchttpclient.netty.handler.HttpHandler - 

Request DefaultHttpRequest(decodeResult: success, version: HTTP/1.1)
POST /session/00dae27a-c9d7-4558-8933-3fa46a9c4495/element/c9b69b55-5903-4113-9ef7-b16912798c0e/value HTTP/1.1
User-Agent: selenium/4.0.0-beta-3 (java windows)
Content-Length: 121
Content-Type: application/json; charset=utf-8
host: localhost:35963
accept: */*

Response DefaultHttpResponse(decodeResult: success, version: HTTP/1.1)
HTTP/1.1 200 OK
content-type: application/json; charset=utf-8
cache-control: no-cache
content-length: 14
date: Mon, 16 Oct 2023 09:23:42 GMT

10:23:43.258 [AsyncHttpClient-1-2] DEBUG org.asynchttpclient.netty.channel.ChannelManager - Adding key: http://localhost:35963 for channel [id: 0x279a2490, L:/127.0.0.1:57816 - R:localhost/127.0.0.1:35963]
10:23:43.262 [Forwarding findElement on session 00dae27a-c9d7-4558-8933-3fa46a9c4495 to remote] DEBUG org.asynchttpclient.netty.request.NettyRequestSender - Using pooled Channel '[id: 0x279a2490, L:/127.0.0.1:57816 - R:localhost/127.0.0.1:35963]' for 'POST' to 'http://localhost:35963/session/00dae27a-c9d7-4558-8933-3fa46a9c4495/element'
10:23:43.262 [Forwarding findElement on session 00dae27a-c9d7-4558-8933-3fa46a9c4495 to remote] DEBUG org.asynchttpclient.netty.request.NettyRequestSender - Using open Channel [id: 0x279a2490, L:/127.0.0.1:57816 - R:localhost/127.0.0.1:35963] for POST '/session/00dae27a-c9d7-4558-8933-3fa46a9c4495/element'
10:23:43.377 [AsyncHttpClient-1-2] DEBUG org.asynchttpclient.netty.handler.HttpHandler - 

Request DefaultHttpRequest(decodeResult: success, version: HTTP/1.1)
POST /session/00dae27a-c9d7-4558-8933-3fa46a9c4495/element HTTP/1.1
User-Agent: selenium/4.0.0-beta-3 (java windows)
Content-Length: 70
Content-Type: application/json; charset=utf-8
host: localhost:35963
accept: */*

Response DefaultHttpResponse(decodeResult: success, version: HTTP/1.1)
HTTP/1.1 200 OK
content-type: application/json; charset=utf-8
cache-control: no-cache
content-length: 88
date: Mon, 16 Oct 2023 09:23:42 GMT

10:23:43.377 [AsyncHttpClient-1-2] DEBUG org.asynchttpclient.netty.channel.ChannelManager - Adding key: http://localhost:35963 for channel [id: 0x279a2490, L:/127.0.0.1:57816 - R:localhost/127.0.0.1:35963]
10:23:43.380 [Forwarding clickElement on session 00dae27a-c9d7-4558-8933-3fa46a9c4495 to remote] DEBUG org.asynchttpclient.netty.request.NettyRequestSender - Using pooled Channel '[id: 0x279a2490, L:/127.0.0.1:57816 - R:localhost/127.0.0.1:35963]' for 'POST' to 'http://localhost:35963/session/00dae27a-c9d7-4558-8933-3fa46a9c4495/element/ef208a6e-4e53-4d1e-860f-a88ac78ca9c9/click'
10:23:43.384 [Forwarding clickElement on session 00dae27a-c9d7-4558-8933-3fa46a9c4495 to remote] DEBUG org.asynchttpclient.netty.request.NettyRequestSender - Using open Channel [id: 0x279a2490, L:/127.0.0.1:57816 - R:localhost/127.0.0.1:35963] for POST '/session/00dae27a-c9d7-4558-8933-3fa46a9c4495/element/ef208a6e-4e53-4d1e-860f-a88ac78ca9c9/click'
10:24:08.120 [AsyncHttpClient-1-2] DEBUG org.asynchttpclient.netty.handler.HttpHandler - 

Request DefaultHttpRequest(decodeResult: success, version: HTTP/1.1)
POST /session/00dae27a-c9d7-4558-8933-3fa46a9c4495/element/ef208a6e-4e53-4d1e-860f-a88ac78ca9c9/click HTTP/1.1
User-Agent: selenium/4.0.0-beta-3 (java windows)
Content-Length: 50
Content-Type: application/json; charset=utf-8
host: localhost:35963
accept: */*

Response DefaultHttpResponse(decodeResult: success, version: HTTP/1.1)
HTTP/1.1 200 OK
content-type: application/json; charset=utf-8
cache-control: no-cache
content-length: 14
date: Mon, 16 Oct 2023 09:23:43 GMT

10:24:08.121 [AsyncHttpClient-1-2] DEBUG org.asynchttpclient.netty.channel.ChannelManager - Adding key: http://localhost:35963 for channel [id: 0x279a2490, L:/127.0.0.1:57816 - R:localhost/127.0.0.1:35963]
  When the user searches for a product                                                       # stepDefinitions.steps.the_user_searches_for_a_product()
10:24:08.141 [Forwarding findElement on session 00dae27a-c9d7-4558-8933-3fa46a9c4495 to remote] DEBUG org.asynchttpclient.netty.request.NettyRequestSender - Using pooled Channel '[id: 0x279a2490, L:/127.0.0.1:57816 - R:localhost/127.0.0.1:35963]' for 'POST' to 'http://localhost:35963/session/00dae27a-c9d7-4558-8933-3fa46a9c4495/element'
10:24:08.141 [Forwarding findElement on session 00dae27a-c9d7-4558-8933-3fa46a9c4495 to remote] DEBUG org.asynchttpclient.netty.request.NettyRequestSender - Using open Channel [id: 0x279a2490, L:/127.0.0.1:57816 - R:localhost/127.0.0.1:35963] for POST '/session/00dae27a-c9d7-4558-8933-3fa46a9c4495/element'
10:24:08.524 [AsyncHttpClient-1-2] DEBUG org.asynchttpclient.netty.handler.HttpHandler - 

Request DefaultHttpRequest(decodeResult: success, version: HTTP/1.1)
POST /session/00dae27a-c9d7-4558-8933-3fa46a9c4495/element HTTP/1.1
User-Agent: selenium/4.0.0-beta-3 (java windows)
Content-Length: 83
Content-Type: application/json; charset=utf-8
host: localhost:35963
accept: */*

Response DefaultHttpResponse(decodeResult: success, version: HTTP/1.1)
HTTP/1.1 200 OK
content-type: application/json; charset=utf-8
cache-control: no-cache
content-length: 88
date: Mon, 16 Oct 2023 09:24:08 GMT

10:24:08.525 [AsyncHttpClient-1-2] DEBUG org.asynchttpclient.netty.channel.ChannelManager - Adding key: http://localhost:35963 for channel [id: 0x279a2490, L:/127.0.0.1:57816 - R:localhost/127.0.0.1:35963]
10:24:08.532 [Forwarding getElementText on session 00dae27a-c9d7-4558-8933-3fa46a9c4495 to remote] DEBUG org.asynchttpclient.netty.request.NettyRequestSender - Using pooled Channel '[id: 0x279a2490, L:/127.0.0.1:57816 - R:localhost/127.0.0.1:35963]' for 'GET' to 'http://localhost:35963/session/00dae27a-c9d7-4558-8933-3fa46a9c4495/element/3ec38da5-4aea-4fed-9873-8ebe4b979d86/text'
10:24:08.533 [Forwarding getElementText on session 00dae27a-c9d7-4558-8933-3fa46a9c4495 to remote] DEBUG org.asynchttpclient.netty.request.NettyRequestSender - Using open Channel [id: 0x279a2490, L:/127.0.0.1:57816 - R:localhost/127.0.0.1:35963] for GET '/session/00dae27a-c9d7-4558-8933-3fa46a9c4495/element/3ec38da5-4aea-4fed-9873-8ebe4b979d86/text'
10:24:08.672 [AsyncHttpClient-1-2] DEBUG org.asynchttpclient.netty.handler.HttpHandler - 

Request DefaultFullHttpRequest(decodeResult: success, version: HTTP/1.1, content: EmptyByteBufBE)
GET /session/00dae27a-c9d7-4558-8933-3fa46a9c4495/element/3ec38da5-4aea-4fed-9873-8ebe4b979d86/text HTTP/1.1
User-Agent: selenium/4.0.0-beta-3 (java windows)
Cache-Control: no-cache
Content-Type: application/json; charset=utf-8
host: localhost:35963
accept: */*

Response DefaultHttpResponse(decodeResult: success, version: HTTP/1.1)
HTTP/1.1 200 OK
content-type: application/json; charset=utf-8
cache-control: no-cache
content-length: 16
date: Mon, 16 Oct 2023 09:24:08 GMT

10:24:08.673 [AsyncHttpClient-1-2] DEBUG org.asynchttpclient.netty.channel.ChannelManager - Adding key: http://localhost:35963 for channel [id: 0x279a2490, L:/127.0.0.1:57816 - R:localhost/127.0.0.1:35963]
10:24:08.678 [Forwarding findElements on session 00dae27a-c9d7-4558-8933-3fa46a9c4495 to remote] DEBUG org.asynchttpclient.netty.request.NettyRequestSender - Using pooled Channel '[id: 0x279a2490, L:/127.0.0.1:57816 - R:localhost/127.0.0.1:35963]' for 'POST' to 'http://localhost:35963/session/00dae27a-c9d7-4558-8933-3fa46a9c4495/elements'
10:24:08.678 [Forwarding findElements on session 00dae27a-c9d7-4558-8933-3fa46a9c4495 to remote] DEBUG org.asynchttpclient.netty.request.NettyRequestSender - Using open Channel [id: 0x279a2490, L:/127.0.0.1:57816 - R:localhost/127.0.0.1:35963] for POST '/session/00dae27a-c9d7-4558-8933-3fa46a9c4495/elements'
10:24:08.763 [AsyncHttpClient-1-2] DEBUG org.asynchttpclient.netty.handler.HttpHandler - 

Request DefaultHttpRequest(decodeResult: success, version: HTTP/1.1)
POST /session/00dae27a-c9d7-4558-8933-3fa46a9c4495/elements HTTP/1.1
User-Agent: selenium/4.0.0-beta-3 (java windows)
Content-Length: 105
Content-Type: application/json; charset=utf-8
host: localhost:35963
accept: */*

Response DefaultHttpResponse(decodeResult: success, version: HTTP/1.1)
HTTP/1.1 200 OK
content-type: application/json; charset=utf-8
cache-control: no-cache
content-length: 2381
date: Mon, 16 Oct 2023 09:24:08 GMT

10:24:08.764 [AsyncHttpClient-1-2] DEBUG org.asynchttpclient.netty.channel.ChannelManager - Adding key: http://localhost:35963 for channel [id: 0x279a2490, L:/127.0.0.1:57816 - R:localhost/127.0.0.1:35963]
10:24:08.798 [Forwarding findElement on session 00dae27a-c9d7-4558-8933-3fa46a9c4495 to remote] DEBUG org.asynchttpclient.netty.request.NettyRequestSender - Using pooled Channel '[id: 0x279a2490, L:/127.0.0.1:57816 - R:localhost/127.0.0.1:35963]' for 'POST' to 'http://localhost:35963/session/00dae27a-c9d7-4558-8933-3fa46a9c4495/element'
10:24:08.799 [Forwarding findElement on session 00dae27a-c9d7-4558-8933-3fa46a9c4495 to remote] DEBUG org.asynchttpclient.netty.request.NettyRequestSender - Using open Channel [id: 0x279a2490, L:/127.0.0.1:57816 - R:localhost/127.0.0.1:35963] for POST '/session/00dae27a-c9d7-4558-8933-3fa46a9c4495/element'
10:24:08.857 [AsyncHttpClient-1-2] DEBUG org.asynchttpclient.netty.handler.HttpHandler - 

Request DefaultHttpRequest(decodeResult: success, version: HTTP/1.1)
POST /session/00dae27a-c9d7-4558-8933-3fa46a9c4495/element HTTP/1.1
User-Agent: selenium/4.0.0-beta-3 (java windows)
Content-Length: 158
Content-Type: application/json; charset=utf-8
host: localhost:35963
accept: */*

Response DefaultHttpResponse(decodeResult: success, version: HTTP/1.1)
HTTP/1.1 200 OK
content-type: application/json; charset=utf-8
cache-control: no-cache
content-length: 88
date: Mon, 16 Oct 2023 09:24:08 GMT

10:24:08.857 [AsyncHttpClient-1-2] DEBUG org.asynchttpclient.netty.channel.ChannelManager - Adding key: http://localhost:35963 for channel [id: 0x279a2490, L:/127.0.0.1:57816 - R:localhost/127.0.0.1:35963]
10:24:08.891 [Forwarding isElementDisplayed on session 00dae27a-c9d7-4558-8933-3fa46a9c4495 to remote] DEBUG org.asynchttpclient.netty.request.NettyRequestSender - Using pooled Channel '[id: 0x279a2490, L:/127.0.0.1:57816 - R:localhost/127.0.0.1:35963]' for 'POST' to 'http://localhost:35963/session/00dae27a-c9d7-4558-8933-3fa46a9c4495/execute/sync'
10:24:08.891 [Forwarding isElementDisplayed on session 00dae27a-c9d7-4558-8933-3fa46a9c4495 to remote] DEBUG org.asynchttpclient.netty.request.NettyRequestSender - Using open Channel [id: 0x279a2490, L:/127.0.0.1:57816 - R:localhost/127.0.0.1:35963] for POST '/session/00dae27a-c9d7-4558-8933-3fa46a9c4495/execute/sync'
10:24:09.080 [AsyncHttpClient-1-2] DEBUG org.asynchttpclient.netty.handler.HttpHandler - 

Request DefaultHttpRequest(decodeResult: success, version: HTTP/1.1)
POST /session/00dae27a-c9d7-4558-8933-3fa46a9c4495/execute/sync HTTP/1.1
User-Agent: selenium/4.0.0-beta-3 (java windows)
Content-Length: 48780
Content-Type: application/json; charset=utf-8
host: localhost:35963
accept: */*

Response DefaultHttpResponse(decodeResult: success, version: HTTP/1.1)
HTTP/1.1 200 OK
content-type: application/json; charset=utf-8
cache-control: no-cache
content-length: 14
date: Mon, 16 Oct 2023 09:24:08 GMT

10:24:09.080 [AsyncHttpClient-1-2] DEBUG org.asynchttpclient.netty.channel.ChannelManager - Adding key: http://localhost:35963 for channel [id: 0x279a2490, L:/127.0.0.1:57816 - R:localhost/127.0.0.1:35963]
10:24:09.086 [Forwarding isElementEnabled on session 00dae27a-c9d7-4558-8933-3fa46a9c4495 to remote] DEBUG org.asynchttpclient.netty.request.NettyRequestSender - Using pooled Channel '[id: 0x279a2490, L:/127.0.0.1:57816 - R:localhost/127.0.0.1:35963]' for 'GET' to 'http://localhost:35963/session/00dae27a-c9d7-4558-8933-3fa46a9c4495/element/d4201538-d956-477d-b8e7-24d236daad65/enabled'
10:24:09.086 [Forwarding isElementEnabled on session 00dae27a-c9d7-4558-8933-3fa46a9c4495 to remote] DEBUG org.asynchttpclient.netty.request.NettyRequestSender - Using open Channel [id: 0x279a2490, L:/127.0.0.1:57816 - R:localhost/127.0.0.1:35963] for GET '/session/00dae27a-c9d7-4558-8933-3fa46a9c4495/element/d4201538-d956-477d-b8e7-24d236daad65/enabled'
10:24:09.148 [AsyncHttpClient-1-2] DEBUG org.asynchttpclient.netty.handler.HttpHandler - 

Request DefaultFullHttpRequest(decodeResult: success, version: HTTP/1.1, content: EmptyByteBufBE)
GET /session/00dae27a-c9d7-4558-8933-3fa46a9c4495/element/d4201538-d956-477d-b8e7-24d236daad65/enabled HTTP/1.1
User-Agent: selenium/4.0.0-beta-3 (java windows)
Cache-Control: no-cache
Content-Type: application/json; charset=utf-8
host: localhost:35963
accept: */*

Response DefaultHttpResponse(decodeResult: success, version: HTTP/1.1)
HTTP/1.1 200 OK
content-type: application/json; charset=utf-8
cache-control: no-cache
content-length: 14
date: Mon, 16 Oct 2023 09:24:08 GMT

10:24:09.149 [AsyncHttpClient-1-2] DEBUG org.asynchttpclient.netty.channel.ChannelManager - Adding key: http://localhost:35963 for channel [id: 0x279a2490, L:/127.0.0.1:57816 - R:localhost/127.0.0.1:35963]
10:24:09.157 [Forwarding clickElement on session 00dae27a-c9d7-4558-8933-3fa46a9c4495 to remote] DEBUG org.asynchttpclient.netty.request.NettyRequestSender - Using pooled Channel '[id: 0x279a2490, L:/127.0.0.1:57816 - R:localhost/127.0.0.1:35963]' for 'POST' to 'http://localhost:35963/session/00dae27a-c9d7-4558-8933-3fa46a9c4495/element/d4201538-d956-477d-b8e7-24d236daad65/click'
10:24:09.158 [Forwarding clickElement on session 00dae27a-c9d7-4558-8933-3fa46a9c4495 to remote] DEBUG org.asynchttpclient.netty.request.NettyRequestSender - Using open Channel [id: 0x279a2490, L:/127.0.0.1:57816 - R:localhost/127.0.0.1:35963] for POST '/session/00dae27a-c9d7-4558-8933-3fa46a9c4495/element/d4201538-d956-477d-b8e7-24d236daad65/click'
10:24:28.383 [AsyncHttpClient-1-2] DEBUG org.asynchttpclient.netty.handler.HttpHandler - 

Request DefaultHttpRequest(decodeResult: success, version: HTTP/1.1)
POST /session/00dae27a-c9d7-4558-8933-3fa46a9c4495/element/d4201538-d956-477d-b8e7-24d236daad65/click HTTP/1.1
User-Agent: selenium/4.0.0-beta-3 (java windows)
Content-Length: 50
Content-Type: application/json; charset=utf-8
host: localhost:35963
accept: */*

Response DefaultHttpResponse(decodeResult: success, version: HTTP/1.1)
HTTP/1.1 200 OK
content-type: application/json; charset=utf-8
cache-control: no-cache
content-length: 14
date: Mon, 16 Oct 2023 09:24:09 GMT

10:24:28.383 [AsyncHttpClient-1-2] DEBUG org.asynchttpclient.netty.channel.ChannelManager - Adding key: http://localhost:35963 for channel [id: 0x279a2490, L:/127.0.0.1:57816 - R:localhost/127.0.0.1:35963]
  Then the search result page should return the item                                         # stepDefinitions.steps.the_search_result_page_should_return_the_item()
10:24:28.390 [Forwarding findElement on session 00dae27a-c9d7-4558-8933-3fa46a9c4495 to remote] DEBUG org.asynchttpclient.netty.request.NettyRequestSender - Using pooled Channel '[id: 0x279a2490, L:/127.0.0.1:57816 - R:localhost/127.0.0.1:35963]' for 'POST' to 'http://localhost:35963/session/00dae27a-c9d7-4558-8933-3fa46a9c4495/element'
10:24:28.390 [Forwarding findElement on session 00dae27a-c9d7-4558-8933-3fa46a9c4495 to remote] DEBUG org.asynchttpclient.netty.request.NettyRequestSender - Using open Channel [id: 0x279a2490, L:/127.0.0.1:57816 - R:localhost/127.0.0.1:35963] for POST '/session/00dae27a-c9d7-4558-8933-3fa46a9c4495/element'
10:24:28.413 [AsyncHttpClient-1-2] DEBUG org.asynchttpclient.netty.handler.HttpHandler - 

Request DefaultHttpRequest(decodeResult: success, version: HTTP/1.1)
POST /session/00dae27a-c9d7-4558-8933-3fa46a9c4495/element HTTP/1.1
User-Agent: selenium/4.0.0-beta-3 (java windows)
Content-Length: 109
Content-Type: application/json; charset=utf-8
host: localhost:35963
accept: */*

Response DefaultHttpResponse(decodeResult: success, version: HTTP/1.1)
HTTP/1.1 200 OK
content-type: application/json; charset=utf-8
cache-control: no-cache
content-length: 88
date: Mon, 16 Oct 2023 09:24:28 GMT

10:24:28.414 [AsyncHttpClient-1-2] DEBUG org.asynchttpclient.netty.channel.ChannelManager - Adding key: http://localhost:35963 for channel [id: 0x279a2490, L:/127.0.0.1:57816 - R:localhost/127.0.0.1:35963]
10:24:28.425 [Forwarding isElementDisplayed on session 00dae27a-c9d7-4558-8933-3fa46a9c4495 to remote] DEBUG org.asynchttpclient.netty.request.NettyRequestSender - Using pooled Channel '[id: 0x279a2490, L:/127.0.0.1:57816 - R:localhost/127.0.0.1:35963]' for 'POST' to 'http://localhost:35963/session/00dae27a-c9d7-4558-8933-3fa46a9c4495/execute/sync'
10:24:28.425 [Forwarding isElementDisplayed on session 00dae27a-c9d7-4558-8933-3fa46a9c4495 to remote] DEBUG org.asynchttpclient.netty.request.NettyRequestSender - Using open Channel [id: 0x279a2490, L:/127.0.0.1:57816 - R:localhost/127.0.0.1:35963] for POST '/session/00dae27a-c9d7-4558-8933-3fa46a9c4495/execute/sync'
10:24:29.075 [AsyncHttpClient-1-2] DEBUG org.asynchttpclient.netty.handler.HttpHandler - 

Request DefaultHttpRequest(decodeResult: success, version: HTTP/1.1)
POST /session/00dae27a-c9d7-4558-8933-3fa46a9c4495/execute/sync HTTP/1.1
User-Agent: selenium/4.0.0-beta-3 (java windows)
Content-Length: 48780
Content-Type: application/json; charset=utf-8
host: localhost:35963
accept: */*

Response DefaultHttpResponse(decodeResult: success, version: HTTP/1.1)
HTTP/1.1 404 Not Found
content-type: application/json; charset=utf-8
cache-control: no-cache
content-length: 1146
date: Mon, 16 Oct 2023 09:24:28 GMT

10:24:29.076 [AsyncHttpClient-1-2] DEBUG org.asynchttpclient.netty.channel.ChannelManager - Adding key: http://localhost:35963 for channel [id: 0x279a2490, L:/127.0.0.1:57816 - R:localhost/127.0.0.1:35963]
10:24:29.567 [AsyncHttpClient-1-1] DEBUG org.asynchttpclient.netty.channel.DefaultChannelPool - Entry count for : http://localhost:35963 : 1
10:24:29.624 [Forwarding findElement on session 00dae27a-c9d7-4558-8933-3fa46a9c4495 to remote] DEBUG org.asynchttpclient.netty.request.NettyRequestSender - Using pooled Channel '[id: 0x279a2490, L:/127.0.0.1:57816 - R:localhost/127.0.0.1:35963]' for 'POST' to 'http://localhost:35963/session/00dae27a-c9d7-4558-8933-3fa46a9c4495/element'
10:24:29.624 [Forwarding findElement on session 00dae27a-c9d7-4558-8933-3fa46a9c4495 to remote] DEBUG org.asynchttpclient.netty.request.NettyRequestSender - Using open Channel [id: 0x279a2490, L:/127.0.0.1:57816 - R:localhost/127.0.0.1:35963] for POST '/session/00dae27a-c9d7-4558-8933-3fa46a9c4495/element'
10:24:30.158 [AsyncHttpClient-1-2] DEBUG org.asynchttpclient.netty.handler.HttpHandler - 

Request DefaultHttpRequest(decodeResult: success, version: HTTP/1.1)
POST /session/00dae27a-c9d7-4558-8933-3fa46a9c4495/element HTTP/1.1
User-Agent: selenium/4.0.0-beta-3 (java windows)
Content-Length: 109
Content-Type: application/json; charset=utf-8
host: localhost:35963
accept: */*

Response DefaultHttpResponse(decodeResult: success, version: HTTP/1.1)
HTTP/1.1 200 OK
content-type: application/json; charset=utf-8
cache-control: no-cache
content-length: 88
date: Mon, 16 Oct 2023 09:24:29 GMT

10:24:30.158 [AsyncHttpClient-1-2] DEBUG org.asynchttpclient.netty.channel.ChannelManager - Adding key: http://localhost:35963 for channel [id: 0x279a2490, L:/127.0.0.1:57816 - R:localhost/127.0.0.1:35963]
10:24:30.221 [Forwarding isElementDisplayed on session 00dae27a-c9d7-4558-8933-3fa46a9c4495 to remote] DEBUG org.asynchttpclient.netty.request.NettyRequestSender - Using pooled Channel '[id: 0x279a2490, L:/127.0.0.1:57816 - R:localhost/127.0.0.1:35963]' for 'POST' to 'http://localhost:35963/session/00dae27a-c9d7-4558-8933-3fa46a9c4495/execute/sync'
10:24:30.221 [Forwarding isElementDisplayed on session 00dae27a-c9d7-4558-8933-3fa46a9c4495 to remote] DEBUG org.asynchttpclient.netty.request.NettyRequestSender - Using open Channel [id: 0x279a2490, L:/127.0.0.1:57816 - R:localhost/127.0.0.1:35963] for POST '/session/00dae27a-c9d7-4558-8933-3fa46a9c4495/execute/sync'
10:24:31.317 [AsyncHttpClient-1-2] DEBUG org.asynchttpclient.netty.handler.HttpHandler - 

Request DefaultHttpRequest(decodeResult: success, version: HTTP/1.1)
POST /session/00dae27a-c9d7-4558-8933-3fa46a9c4495/execute/sync HTTP/1.1
User-Agent: selenium/4.0.0-beta-3 (java windows)
Content-Length: 48780
Content-Type: application/json; charset=utf-8
host: localhost:35963
accept: */*

Response DefaultHttpResponse(decodeResult: success, version: HTTP/1.1)
HTTP/1.1 200 OK
content-type: application/json; charset=utf-8
cache-control: no-cache
content-length: 14
date: Mon, 16 Oct 2023 09:24:29 GMT

10:24:31.318 [AsyncHttpClient-1-2] DEBUG org.asynchttpclient.netty.channel.ChannelManager - Adding key: http://localhost:35963 for channel [id: 0x279a2490, L:/127.0.0.1:57816 - R:localhost/127.0.0.1:35963]
10:24:31.320 [Forwarding getElementText on session 00dae27a-c9d7-4558-8933-3fa46a9c4495 to remote] DEBUG org.asynchttpclient.netty.request.NettyRequestSender - Using pooled Channel '[id: 0x279a2490, L:/127.0.0.1:57816 - R:localhost/127.0.0.1:35963]' for 'GET' to 'http://localhost:35963/session/00dae27a-c9d7-4558-8933-3fa46a9c4495/element/7dd36a7e-bc7a-4bb4-b224-c9b2ad6cd5f7/text'
10:24:31.321 [Forwarding getElementText on session 00dae27a-c9d7-4558-8933-3fa46a9c4495 to remote] DEBUG org.asynchttpclient.netty.request.NettyRequestSender - Using open Channel [id: 0x279a2490, L:/127.0.0.1:57816 - R:localhost/127.0.0.1:35963] for GET '/session/00dae27a-c9d7-4558-8933-3fa46a9c4495/element/7dd36a7e-bc7a-4bb4-b224-c9b2ad6cd5f7/text'
10:24:32.157 [AsyncHttpClient-1-2] DEBUG org.asynchttpclient.netty.handler.HttpHandler - 

Request DefaultFullHttpRequest(decodeResult: success, version: HTTP/1.1, content: EmptyByteBufBE)
GET /session/00dae27a-c9d7-4558-8933-3fa46a9c4495/element/7dd36a7e-bc7a-4bb4-b224-c9b2ad6cd5f7/text HTTP/1.1
User-Agent: selenium/4.0.0-beta-3 (java windows)
Cache-Control: no-cache
Content-Type: application/json; charset=utf-8
host: localhost:35963
accept: */*

Response DefaultHttpResponse(decodeResult: success, version: HTTP/1.1)
HTTP/1.1 200 OK
content-type: application/json; charset=utf-8
cache-control: no-cache
content-length: 41
date: Mon, 16 Oct 2023 09:24:31 GMT

10:24:32.157 [AsyncHttpClient-1-2] DEBUG org.asynchttpclient.netty.channel.ChannelManager - Adding key: http://localhost:35963 for channel [id: 0x279a2490, L:/127.0.0.1:57816 - R:localhost/127.0.0.1:35963]
10:24:32.162 [Forwarding findElement on session 00dae27a-c9d7-4558-8933-3fa46a9c4495 to remote] DEBUG org.asynchttpclient.netty.request.NettyRequestSender - Using pooled Channel '[id: 0x279a2490, L:/127.0.0.1:57816 - R:localhost/127.0.0.1:35963]' for 'POST' to 'http://localhost:35963/session/00dae27a-c9d7-4558-8933-3fa46a9c4495/element'
10:24:32.162 [Forwarding findElement on session 00dae27a-c9d7-4558-8933-3fa46a9c4495 to remote] DEBUG org.asynchttpclient.netty.request.NettyRequestSender - Using open Channel [id: 0x279a2490, L:/127.0.0.1:57816 - R:localhost/127.0.0.1:35963] for POST '/session/00dae27a-c9d7-4558-8933-3fa46a9c4495/element'
10:24:32.830 [AsyncHttpClient-1-2] DEBUG org.asynchttpclient.netty.handler.HttpHandler - 

Request DefaultHttpRequest(decodeResult: success, version: HTTP/1.1)
POST /session/00dae27a-c9d7-4558-8933-3fa46a9c4495/element HTTP/1.1
User-Agent: selenium/4.0.0-beta-3 (java windows)
Content-Length: 73
Content-Type: application/json; charset=utf-8
host: localhost:35963
accept: */*

Response DefaultHttpResponse(decodeResult: success, version: HTTP/1.1)
HTTP/1.1 200 OK
content-type: application/json; charset=utf-8
cache-control: no-cache
content-length: 88
date: Mon, 16 Oct 2023 09:24:31 GMT

10:24:32.830 [AsyncHttpClient-1-2] DEBUG org.asynchttpclient.netty.channel.ChannelManager - Adding key: http://localhost:35963 for channel [id: 0x279a2490, L:/127.0.0.1:57816 - R:localhost/127.0.0.1:35963]
10:24:32.852 [Forwarding isElementDisplayed on session 00dae27a-c9d7-4558-8933-3fa46a9c4495 to remote] DEBUG org.asynchttpclient.netty.request.NettyRequestSender - Using pooled Channel '[id: 0x279a2490, L:/127.0.0.1:57816 - R:localhost/127.0.0.1:35963]' for 'POST' to 'http://localhost:35963/session/00dae27a-c9d7-4558-8933-3fa46a9c4495/execute/sync'
10:24:32.852 [Forwarding isElementDisplayed on session 00dae27a-c9d7-4558-8933-3fa46a9c4495 to remote] DEBUG org.asynchttpclient.netty.request.NettyRequestSender - Using open Channel [id: 0x279a2490, L:/127.0.0.1:57816 - R:localhost/127.0.0.1:35963] for POST '/session/00dae27a-c9d7-4558-8933-3fa46a9c4495/execute/sync'
10:24:34.329 [AsyncHttpClient-1-2] DEBUG org.asynchttpclient.netty.handler.HttpHandler - 

Request DefaultHttpRequest(decodeResult: success, version: HTTP/1.1)
POST /session/00dae27a-c9d7-4558-8933-3fa46a9c4495/execute/sync HTTP/1.1
User-Agent: selenium/4.0.0-beta-3 (java windows)
Content-Length: 48780
Content-Type: application/json; charset=utf-8
host: localhost:35963
accept: */*

Response DefaultHttpResponse(decodeResult: success, version: HTTP/1.1)
HTTP/1.1 200 OK
content-type: application/json; charset=utf-8
cache-control: no-cache
content-length: 14
date: Mon, 16 Oct 2023 09:24:32 GMT

10:24:34.330 [AsyncHttpClient-1-2] DEBUG org.asynchttpclient.netty.channel.ChannelManager - Adding key: http://localhost:35963 for channel [id: 0x279a2490, L:/127.0.0.1:57816 - R:localhost/127.0.0.1:35963]
10:24:34.333 [Forwarding isElementEnabled on session 00dae27a-c9d7-4558-8933-3fa46a9c4495 to remote] DEBUG org.asynchttpclient.netty.request.NettyRequestSender - Using pooled Channel '[id: 0x279a2490, L:/127.0.0.1:57816 - R:localhost/127.0.0.1:35963]' for 'GET' to 'http://localhost:35963/session/00dae27a-c9d7-4558-8933-3fa46a9c4495/element/3d76ed45-8478-453a-96d6-9d5b25174854/enabled'
10:24:34.333 [Forwarding isElementEnabled on session 00dae27a-c9d7-4558-8933-3fa46a9c4495 to remote] DEBUG org.asynchttpclient.netty.request.NettyRequestSender - Using open Channel [id: 0x279a2490, L:/127.0.0.1:57816 - R:localhost/127.0.0.1:35963] for GET '/session/00dae27a-c9d7-4558-8933-3fa46a9c4495/element/3d76ed45-8478-453a-96d6-9d5b25174854/enabled'
10:24:35.018 [AsyncHttpClient-1-2] DEBUG org.asynchttpclient.netty.handler.HttpHandler - 

Request DefaultFullHttpRequest(decodeResult: success, version: HTTP/1.1, content: EmptyByteBufBE)
GET /session/00dae27a-c9d7-4558-8933-3fa46a9c4495/element/3d76ed45-8478-453a-96d6-9d5b25174854/enabled HTTP/1.1
User-Agent: selenium/4.0.0-beta-3 (java windows)
Cache-Control: no-cache
Content-Type: application/json; charset=utf-8
host: localhost:35963
accept: */*

Response DefaultHttpResponse(decodeResult: success, version: HTTP/1.1)
HTTP/1.1 200 OK
content-type: application/json; charset=utf-8
cache-control: no-cache
content-length: 14
date: Mon, 16 Oct 2023 09:24:34 GMT

10:24:35.019 [AsyncHttpClient-1-2] DEBUG org.asynchttpclient.netty.channel.ChannelManager - Adding key: http://localhost:35963 for channel [id: 0x279a2490, L:/127.0.0.1:57816 - R:localhost/127.0.0.1:35963]
10:24:35.023 [Forwarding clickElement on session 00dae27a-c9d7-4558-8933-3fa46a9c4495 to remote] DEBUG org.asynchttpclient.netty.request.NettyRequestSender - Using pooled Channel '[id: 0x279a2490, L:/127.0.0.1:57816 - R:localhost/127.0.0.1:35963]' for 'POST' to 'http://localhost:35963/session/00dae27a-c9d7-4558-8933-3fa46a9c4495/element/3d76ed45-8478-453a-96d6-9d5b25174854/click'
10:24:35.023 [Forwarding clickElement on session 00dae27a-c9d7-4558-8933-3fa46a9c4495 to remote] DEBUG org.asynchttpclient.netty.request.NettyRequestSender - Using open Channel [id: 0x279a2490, L:/127.0.0.1:57816 - R:localhost/127.0.0.1:35963] for POST '/session/00dae27a-c9d7-4558-8933-3fa46a9c4495/element/3d76ed45-8478-453a-96d6-9d5b25174854/click'
10:24:37.533 [AsyncHttpClient-1-2] DEBUG org.asynchttpclient.netty.handler.HttpHandler - 

Request DefaultHttpRequest(decodeResult: success, version: HTTP/1.1)
POST /session/00dae27a-c9d7-4558-8933-3fa46a9c4495/element/3d76ed45-8478-453a-96d6-9d5b25174854/click HTTP/1.1
User-Agent: selenium/4.0.0-beta-3 (java windows)
Content-Length: 50
Content-Type: application/json; charset=utf-8
host: localhost:35963
accept: */*

Response DefaultHttpResponse(decodeResult: success, version: HTTP/1.1)
HTTP/1.1 200 OK
content-type: application/json; charset=utf-8
cache-control: no-cache
content-length: 14
date: Mon, 16 Oct 2023 09:24:34 GMT

10:24:37.534 [AsyncHttpClient-1-2] DEBUG org.asynchttpclient.netty.channel.ChannelManager - Adding key: http://localhost:35963 for channel [id: 0x279a2490, L:/127.0.0.1:57816 - R:localhost/127.0.0.1:35963]
10:24:37.537 [Forwarding findElement on session 00dae27a-c9d7-4558-8933-3fa46a9c4495 to remote] DEBUG org.asynchttpclient.netty.request.NettyRequestSender - Using pooled Channel '[id: 0x279a2490, L:/127.0.0.1:57816 - R:localhost/127.0.0.1:35963]' for 'POST' to 'http://localhost:35963/session/00dae27a-c9d7-4558-8933-3fa46a9c4495/element'
10:24:37.537 [Forwarding findElement on session 00dae27a-c9d7-4558-8933-3fa46a9c4495 to remote] DEBUG org.asynchttpclient.netty.request.NettyRequestSender - Using open Channel [id: 0x279a2490, L:/127.0.0.1:57816 - R:localhost/127.0.0.1:35963] for POST '/session/00dae27a-c9d7-4558-8933-3fa46a9c4495/element'
10:24:37.847 [AsyncHttpClient-1-2] DEBUG org.asynchttpclient.netty.handler.HttpHandler - 

Request DefaultHttpRequest(decodeResult: success, version: HTTP/1.1)
POST /session/00dae27a-c9d7-4558-8933-3fa46a9c4495/element HTTP/1.1
User-Agent: selenium/4.0.0-beta-3 (java windows)
Content-Length: 85
Content-Type: application/json; charset=utf-8
host: localhost:35963
accept: */*

Response DefaultHttpResponse(decodeResult: success, version: HTTP/1.1)
HTTP/1.1 200 OK
content-type: application/json; charset=utf-8
cache-control: no-cache
content-length: 88
date: Mon, 16 Oct 2023 09:24:37 GMT

10:24:37.848 [AsyncHttpClient-1-2] DEBUG org.asynchttpclient.netty.channel.ChannelManager - Adding key: http://localhost:35963 for channel [id: 0x279a2490, L:/127.0.0.1:57816 - R:localhost/127.0.0.1:35963]
10:24:37.853 [Forwarding clickElement on session 00dae27a-c9d7-4558-8933-3fa46a9c4495 to remote] DEBUG org.asynchttpclient.netty.request.NettyRequestSender - Using pooled Channel '[id: 0x279a2490, L:/127.0.0.1:57816 - R:localhost/127.0.0.1:35963]' for 'POST' to 'http://localhost:35963/session/00dae27a-c9d7-4558-8933-3fa46a9c4495/element/0a90f9f0-f91a-475b-b957-378619082089/click'
10:24:37.853 [Forwarding clickElement on session 00dae27a-c9d7-4558-8933-3fa46a9c4495 to remote] DEBUG org.asynchttpclient.netty.request.NettyRequestSender - Using open Channel [id: 0x279a2490, L:/127.0.0.1:57816 - R:localhost/127.0.0.1:35963] for POST '/session/00dae27a-c9d7-4558-8933-3fa46a9c4495/element/0a90f9f0-f91a-475b-b957-378619082089/click'
10:24:49.891 [AsyncHttpClient-1-2] DEBUG org.asynchttpclient.netty.handler.HttpHandler - 

Request DefaultHttpRequest(decodeResult: success, version: HTTP/1.1)
POST /session/00dae27a-c9d7-4558-8933-3fa46a9c4495/element/0a90f9f0-f91a-475b-b957-378619082089/click HTTP/1.1
User-Agent: selenium/4.0.0-beta-3 (java windows)
Content-Length: 50
Content-Type: application/json; charset=utf-8
host: localhost:35963
accept: */*

Response DefaultHttpResponse(decodeResult: success, version: HTTP/1.1)
HTTP/1.1 200 OK
content-type: application/json; charset=utf-8
cache-control: no-cache
content-length: 14
date: Mon, 16 Oct 2023 09:24:37 GMT

10:24:49.892 [AsyncHttpClient-1-2] DEBUG org.asynchttpclient.netty.channel.ChannelManager - Adding key: http://localhost:35963 for channel [id: 0x279a2490, L:/127.0.0.1:57816 - R:localhost/127.0.0.1:35963]
10:24:49.900 [Forwarding findElement on session 00dae27a-c9d7-4558-8933-3fa46a9c4495 to remote] DEBUG org.asynchttpclient.netty.request.NettyRequestSender - Using pooled Channel '[id: 0x279a2490, L:/127.0.0.1:57816 - R:localhost/127.0.0.1:35963]' for 'POST' to 'http://localhost:35963/session/00dae27a-c9d7-4558-8933-3fa46a9c4495/element'
10:24:49.900 [Forwarding findElement on session 00dae27a-c9d7-4558-8933-3fa46a9c4495 to remote] DEBUG org.asynchttpclient.netty.request.NettyRequestSender - Using open Channel [id: 0x279a2490, L:/127.0.0.1:57816 - R:localhost/127.0.0.1:35963] for POST '/session/00dae27a-c9d7-4558-8933-3fa46a9c4495/element'
10:24:49.996 [AsyncHttpClient-1-2] DEBUG org.asynchttpclient.netty.handler.HttpHandler - 

Request DefaultHttpRequest(decodeResult: success, version: HTTP/1.1)
POST /session/00dae27a-c9d7-4558-8933-3fa46a9c4495/element HTTP/1.1
User-Agent: selenium/4.0.0-beta-3 (java windows)
Content-Length: 134
Content-Type: application/json; charset=utf-8
host: localhost:35963
accept: */*

Response DefaultHttpResponse(decodeResult: success, version: HTTP/1.1)
HTTP/1.1 200 OK
content-type: application/json; charset=utf-8
cache-control: no-cache
content-length: 88
date: Mon, 16 Oct 2023 09:24:49 GMT

10:24:49.996 [AsyncHttpClient-1-2] DEBUG org.asynchttpclient.netty.channel.ChannelManager - Adding key: http://localhost:35963 for channel [id: 0x279a2490, L:/127.0.0.1:57816 - R:localhost/127.0.0.1:35963]
10:24:50.001 [Forwarding clickElement on session 00dae27a-c9d7-4558-8933-3fa46a9c4495 to remote] DEBUG org.asynchttpclient.netty.request.NettyRequestSender - Using pooled Channel '[id: 0x279a2490, L:/127.0.0.1:57816 - R:localhost/127.0.0.1:35963]' for 'POST' to 'http://localhost:35963/session/00dae27a-c9d7-4558-8933-3fa46a9c4495/element/1db71672-bf63-4ebd-b57f-8ec43e960b85/click'
10:24:50.001 [Forwarding clickElement on session 00dae27a-c9d7-4558-8933-3fa46a9c4495 to remote] DEBUG org.asynchttpclient.netty.request.NettyRequestSender - Using open Channel [id: 0x279a2490, L:/127.0.0.1:57816 - R:localhost/127.0.0.1:35963] for POST '/session/00dae27a-c9d7-4558-8933-3fa46a9c4495/element/1db71672-bf63-4ebd-b57f-8ec43e960b85/click'
10:25:00.642 [AsyncHttpClient-1-2] DEBUG org.asynchttpclient.netty.handler.HttpHandler - 

Request DefaultHttpRequest(decodeResult: success, version: HTTP/1.1)
POST /session/00dae27a-c9d7-4558-8933-3fa46a9c4495/element/1db71672-bf63-4ebd-b57f-8ec43e960b85/click HTTP/1.1
User-Agent: selenium/4.0.0-beta-3 (java windows)
Content-Length: 50
Content-Type: application/json; charset=utf-8
host: localhost:35963
accept: */*

Response DefaultHttpResponse(decodeResult: success, version: HTTP/1.1)
HTTP/1.1 200 OK
content-type: application/json; charset=utf-8
cache-control: no-cache
content-length: 14
date: Mon, 16 Oct 2023 09:24:49 GMT

10:25:00.643 [AsyncHttpClient-1-2] DEBUG org.asynchttpclient.netty.channel.ChannelManager - Adding key: http://localhost:35963 for channel [id: 0x279a2490, L:/127.0.0.1:57816 - R:localhost/127.0.0.1:35963]
  When the user adds the product to the basket                                               # stepDefinitions.steps.the_user_adds_the_product_to_the_basket()
10:25:00.648 [Forwarding findElement on session 00dae27a-c9d7-4558-8933-3fa46a9c4495 to remote] DEBUG org.asynchttpclient.netty.request.NettyRequestSender - Using pooled Channel '[id: 0x279a2490, L:/127.0.0.1:57816 - R:localhost/127.0.0.1:35963]' for 'POST' to 'http://localhost:35963/session/00dae27a-c9d7-4558-8933-3fa46a9c4495/element'
10:25:00.648 [Forwarding findElement on session 00dae27a-c9d7-4558-8933-3fa46a9c4495 to remote] DEBUG org.asynchttpclient.netty.request.NettyRequestSender - Using open Channel [id: 0x279a2490, L:/127.0.0.1:57816 - R:localhost/127.0.0.1:35963] for POST '/session/00dae27a-c9d7-4558-8933-3fa46a9c4495/element'
10:25:00.799 [AsyncHttpClient-1-2] DEBUG org.asynchttpclient.netty.handler.HttpHandler - 

Request DefaultHttpRequest(decodeResult: success, version: HTTP/1.1)
POST /session/00dae27a-c9d7-4558-8933-3fa46a9c4495/element HTTP/1.1
User-Agent: selenium/4.0.0-beta-3 (java windows)
Content-Length: 109
Content-Type: application/json; charset=utf-8
host: localhost:35963
accept: */*

Response DefaultHttpResponse(decodeResult: success, version: HTTP/1.1)
HTTP/1.1 200 OK
content-type: application/json; charset=utf-8
cache-control: no-cache
content-length: 88
date: Mon, 16 Oct 2023 09:25:00 GMT

10:25:00.800 [AsyncHttpClient-1-2] DEBUG org.asynchttpclient.netty.channel.ChannelManager - Adding key: http://localhost:35963 for channel [id: 0x279a2490, L:/127.0.0.1:57816 - R:localhost/127.0.0.1:35963]
10:25:00.807 [Forwarding isElementDisplayed on session 00dae27a-c9d7-4558-8933-3fa46a9c4495 to remote] DEBUG org.asynchttpclient.netty.request.NettyRequestSender - Using pooled Channel '[id: 0x279a2490, L:/127.0.0.1:57816 - R:localhost/127.0.0.1:35963]' for 'POST' to 'http://localhost:35963/session/00dae27a-c9d7-4558-8933-3fa46a9c4495/execute/sync'
10:25:00.807 [Forwarding isElementDisplayed on session 00dae27a-c9d7-4558-8933-3fa46a9c4495 to remote] DEBUG org.asynchttpclient.netty.request.NettyRequestSender - Using open Channel [id: 0x279a2490, L:/127.0.0.1:57816 - R:localhost/127.0.0.1:35963] for POST '/session/00dae27a-c9d7-4558-8933-3fa46a9c4495/execute/sync'
10:25:00.931 [AsyncHttpClient-1-2] DEBUG org.asynchttpclient.netty.handler.HttpHandler - 

Request DefaultHttpRequest(decodeResult: success, version: HTTP/1.1)
POST /session/00dae27a-c9d7-4558-8933-3fa46a9c4495/execute/sync HTTP/1.1
User-Agent: selenium/4.0.0-beta-3 (java windows)
Content-Length: 48780
Content-Type: application/json; charset=utf-8
host: localhost:35963
accept: */*

Response DefaultHttpResponse(decodeResult: success, version: HTTP/1.1)
HTTP/1.1 200 OK
content-type: application/json; charset=utf-8
cache-control: no-cache
content-length: 14
date: Mon, 16 Oct 2023 09:25:00 GMT

10:25:00.932 [AsyncHttpClient-1-2] DEBUG org.asynchttpclient.netty.channel.ChannelManager - Adding key: http://localhost:35963 for channel [id: 0x279a2490, L:/127.0.0.1:57816 - R:localhost/127.0.0.1:35963]
10:25:00.934 [Forwarding getElementText on session 00dae27a-c9d7-4558-8933-3fa46a9c4495 to remote] DEBUG org.asynchttpclient.netty.request.NettyRequestSender - Using pooled Channel '[id: 0x279a2490, L:/127.0.0.1:57816 - R:localhost/127.0.0.1:35963]' for 'GET' to 'http://localhost:35963/session/00dae27a-c9d7-4558-8933-3fa46a9c4495/element/ed894e09-f215-4a32-a1eb-5a43638c248e/text'
10:25:00.934 [Forwarding getElementText on session 00dae27a-c9d7-4558-8933-3fa46a9c4495 to remote] DEBUG org.asynchttpclient.netty.request.NettyRequestSender - Using open Channel [id: 0x279a2490, L:/127.0.0.1:57816 - R:localhost/127.0.0.1:35963] for GET '/session/00dae27a-c9d7-4558-8933-3fa46a9c4495/element/ed894e09-f215-4a32-a1eb-5a43638c248e/text'
10:25:00.979 [AsyncHttpClient-1-2] DEBUG org.asynchttpclient.netty.handler.HttpHandler - 

Request DefaultFullHttpRequest(decodeResult: success, version: HTTP/1.1, content: EmptyByteBufBE)
GET /session/00dae27a-c9d7-4558-8933-3fa46a9c4495/element/ed894e09-f215-4a32-a1eb-5a43638c248e/text HTTP/1.1
User-Agent: selenium/4.0.0-beta-3 (java windows)
Cache-Control: no-cache
Content-Type: application/json; charset=utf-8
host: localhost:35963
accept: */*

Response DefaultHttpResponse(decodeResult: success, version: HTTP/1.1)
HTTP/1.1 200 OK
content-type: application/json; charset=utf-8
cache-control: no-cache
content-length: 41
date: Mon, 16 Oct 2023 09:25:00 GMT

10:25:00.980 [AsyncHttpClient-1-2] DEBUG org.asynchttpclient.netty.channel.ChannelManager - Adding key: http://localhost:35963 for channel [id: 0x279a2490, L:/127.0.0.1:57816 - R:localhost/127.0.0.1:35963]
10:25:00.983 [Forwarding findElement on session 00dae27a-c9d7-4558-8933-3fa46a9c4495 to remote] DEBUG org.asynchttpclient.netty.request.NettyRequestSender - Using pooled Channel '[id: 0x279a2490, L:/127.0.0.1:57816 - R:localhost/127.0.0.1:35963]' for 'POST' to 'http://localhost:35963/session/00dae27a-c9d7-4558-8933-3fa46a9c4495/element'
10:25:00.983 [Forwarding findElement on session 00dae27a-c9d7-4558-8933-3fa46a9c4495 to remote] DEBUG org.asynchttpclient.netty.request.NettyRequestSender - Using open Channel [id: 0x279a2490, L:/127.0.0.1:57816 - R:localhost/127.0.0.1:35963] for POST '/session/00dae27a-c9d7-4558-8933-3fa46a9c4495/element'
10:25:00.993 [AsyncHttpClient-1-2] DEBUG org.asynchttpclient.netty.handler.HttpHandler - 

Request DefaultHttpRequest(decodeResult: success, version: HTTP/1.1)
POST /session/00dae27a-c9d7-4558-8933-3fa46a9c4495/element HTTP/1.1
User-Agent: selenium/4.0.0-beta-3 (java windows)
Content-Length: 69
Content-Type: application/json; charset=utf-8
host: localhost:35963
accept: */*

Response DefaultHttpResponse(decodeResult: success, version: HTTP/1.1)
HTTP/1.1 200 OK
content-type: application/json; charset=utf-8
cache-control: no-cache
content-length: 88
date: Mon, 16 Oct 2023 09:25:00 GMT

10:25:00.994 [AsyncHttpClient-1-2] DEBUG org.asynchttpclient.netty.channel.ChannelManager - Adding key: http://localhost:35963 for channel [id: 0x279a2490, L:/127.0.0.1:57816 - R:localhost/127.0.0.1:35963]
10:25:00.997 [Forwarding getElementText on session 00dae27a-c9d7-4558-8933-3fa46a9c4495 to remote] DEBUG org.asynchttpclient.netty.request.NettyRequestSender - Using pooled Channel '[id: 0x279a2490, L:/127.0.0.1:57816 - R:localhost/127.0.0.1:35963]' for 'GET' to 'http://localhost:35963/session/00dae27a-c9d7-4558-8933-3fa46a9c4495/element/385f860e-9988-4ca5-b296-4c9fecec1e60/text'
10:25:00.998 [Forwarding getElementText on session 00dae27a-c9d7-4558-8933-3fa46a9c4495 to remote] DEBUG org.asynchttpclient.netty.request.NettyRequestSender - Using open Channel [id: 0x279a2490, L:/127.0.0.1:57816 - R:localhost/127.0.0.1:35963] for GET '/session/00dae27a-c9d7-4558-8933-3fa46a9c4495/element/385f860e-9988-4ca5-b296-4c9fecec1e60/text'
10:25:01.012 [AsyncHttpClient-1-2] DEBUG org.asynchttpclient.netty.handler.HttpHandler - 

Request DefaultFullHttpRequest(decodeResult: success, version: HTTP/1.1, content: EmptyByteBufBE)
GET /session/00dae27a-c9d7-4558-8933-3fa46a9c4495/element/385f860e-9988-4ca5-b296-4c9fecec1e60/text HTTP/1.1
User-Agent: selenium/4.0.0-beta-3 (java windows)
Cache-Control: no-cache
Content-Type: application/json; charset=utf-8
host: localhost:35963
accept: */*

Response DefaultHttpResponse(decodeResult: success, version: HTTP/1.1)
HTTP/1.1 200 OK
content-type: application/json; charset=utf-8
cache-control: no-cache
content-length: 13
date: Mon, 16 Oct 2023 09:25:00 GMT

10:25:01.012 [AsyncHttpClient-1-2] DEBUG org.asynchttpclient.netty.channel.ChannelManager - Adding key: http://localhost:35963 for channel [id: 0x279a2490, L:/127.0.0.1:57816 - R:localhost/127.0.0.1:35963]
  Then the product should be in the basket                                                   # stepDefinitions.steps.the_product_should_be_in_the_basket()
10:25:01.018 [Forwarding findElement on session 00dae27a-c9d7-4558-8933-3fa46a9c4495 to remote] DEBUG org.asynchttpclient.netty.request.NettyRequestSender - Using pooled Channel '[id: 0x279a2490, L:/127.0.0.1:57816 - R:localhost/127.0.0.1:35963]' for 'POST' to 'http://localhost:35963/session/00dae27a-c9d7-4558-8933-3fa46a9c4495/element'
10:25:01.018 [Forwarding findElement on session 00dae27a-c9d7-4558-8933-3fa46a9c4495 to remote] DEBUG org.asynchttpclient.netty.request.NettyRequestSender - Using open Channel [id: 0x279a2490, L:/127.0.0.1:57816 - R:localhost/127.0.0.1:35963] for POST '/session/00dae27a-c9d7-4558-8933-3fa46a9c4495/element'
10:25:01.028 [AsyncHttpClient-1-2] DEBUG org.asynchttpclient.netty.handler.HttpHandler - 

Request DefaultHttpRequest(decodeResult: success, version: HTTP/1.1)
POST /session/00dae27a-c9d7-4558-8933-3fa46a9c4495/element HTTP/1.1
User-Agent: selenium/4.0.0-beta-3 (java windows)
Content-Length: 120
Content-Type: application/json; charset=utf-8
host: localhost:35963
accept: */*

Response DefaultHttpResponse(decodeResult: success, version: HTTP/1.1)
HTTP/1.1 200 OK
content-type: application/json; charset=utf-8
cache-control: no-cache
content-length: 88
date: Mon, 16 Oct 2023 09:25:00 GMT

10:25:01.028 [AsyncHttpClient-1-2] DEBUG org.asynchttpclient.netty.channel.ChannelManager - Adding key: http://localhost:35963 for channel [id: 0x279a2490, L:/127.0.0.1:57816 - R:localhost/127.0.0.1:35963]
10:25:01.037 [Forwarding isElementDisplayed on session 00dae27a-c9d7-4558-8933-3fa46a9c4495 to remote] DEBUG org.asynchttpclient.netty.request.NettyRequestSender - Using pooled Channel '[id: 0x279a2490, L:/127.0.0.1:57816 - R:localhost/127.0.0.1:35963]' for 'POST' to 'http://localhost:35963/session/00dae27a-c9d7-4558-8933-3fa46a9c4495/execute/sync'
10:25:01.037 [Forwarding isElementDisplayed on session 00dae27a-c9d7-4558-8933-3fa46a9c4495 to remote] DEBUG org.asynchttpclient.netty.request.NettyRequestSender - Using open Channel [id: 0x279a2490, L:/127.0.0.1:57816 - R:localhost/127.0.0.1:35963] for POST '/session/00dae27a-c9d7-4558-8933-3fa46a9c4495/execute/sync'
10:25:01.175 [AsyncHttpClient-1-2] DEBUG org.asynchttpclient.netty.handler.HttpHandler - 

Request DefaultHttpRequest(decodeResult: success, version: HTTP/1.1)
POST /session/00dae27a-c9d7-4558-8933-3fa46a9c4495/execute/sync HTTP/1.1
User-Agent: selenium/4.0.0-beta-3 (java windows)
Content-Length: 48780
Content-Type: application/json; charset=utf-8
host: localhost:35963
accept: */*

Response DefaultHttpResponse(decodeResult: success, version: HTTP/1.1)
HTTP/1.1 200 OK
content-type: application/json; charset=utf-8
cache-control: no-cache
content-length: 14
date: Mon, 16 Oct 2023 09:25:00 GMT

10:25:01.176 [AsyncHttpClient-1-2] DEBUG org.asynchttpclient.netty.channel.ChannelManager - Adding key: http://localhost:35963 for channel [id: 0x279a2490, L:/127.0.0.1:57816 - R:localhost/127.0.0.1:35963]
10:25:01.180 [Forwarding isElementEnabled on session 00dae27a-c9d7-4558-8933-3fa46a9c4495 to remote] DEBUG org.asynchttpclient.netty.request.NettyRequestSender - Using pooled Channel '[id: 0x279a2490, L:/127.0.0.1:57816 - R:localhost/127.0.0.1:35963]' for 'GET' to 'http://localhost:35963/session/00dae27a-c9d7-4558-8933-3fa46a9c4495/element/41169cc2-1c9d-4976-8770-858283f4ac84/enabled'
10:25:01.180 [Forwarding isElementEnabled on session 00dae27a-c9d7-4558-8933-3fa46a9c4495 to remote] DEBUG org.asynchttpclient.netty.request.NettyRequestSender - Using open Channel [id: 0x279a2490, L:/127.0.0.1:57816 - R:localhost/127.0.0.1:35963] for GET '/session/00dae27a-c9d7-4558-8933-3fa46a9c4495/element/41169cc2-1c9d-4976-8770-858283f4ac84/enabled'
10:25:01.191 [AsyncHttpClient-1-2] DEBUG org.asynchttpclient.netty.handler.HttpHandler - 

Request DefaultFullHttpRequest(decodeResult: success, version: HTTP/1.1, content: EmptyByteBufBE)
GET /session/00dae27a-c9d7-4558-8933-3fa46a9c4495/element/41169cc2-1c9d-4976-8770-858283f4ac84/enabled HTTP/1.1
User-Agent: selenium/4.0.0-beta-3 (java windows)
Cache-Control: no-cache
Content-Type: application/json; charset=utf-8
host: localhost:35963
accept: */*

Response DefaultHttpResponse(decodeResult: success, version: HTTP/1.1)
HTTP/1.1 200 OK
content-type: application/json; charset=utf-8
cache-control: no-cache
content-length: 14
date: Mon, 16 Oct 2023 09:25:00 GMT

10:25:01.192 [AsyncHttpClient-1-2] DEBUG org.asynchttpclient.netty.channel.ChannelManager - Adding key: http://localhost:35963 for channel [id: 0x279a2490, L:/127.0.0.1:57816 - R:localhost/127.0.0.1:35963]
10:25:01.198 [Forwarding getElementTagName on session 00dae27a-c9d7-4558-8933-3fa46a9c4495 to remote] DEBUG org.asynchttpclient.netty.request.NettyRequestSender - Using pooled Channel '[id: 0x279a2490, L:/127.0.0.1:57816 - R:localhost/127.0.0.1:35963]' for 'GET' to 'http://localhost:35963/session/00dae27a-c9d7-4558-8933-3fa46a9c4495/element/41169cc2-1c9d-4976-8770-858283f4ac84/name'
10:25:01.198 [Forwarding getElementTagName on session 00dae27a-c9d7-4558-8933-3fa46a9c4495 to remote] DEBUG org.asynchttpclient.netty.request.NettyRequestSender - Using open Channel [id: 0x279a2490, L:/127.0.0.1:57816 - R:localhost/127.0.0.1:35963] for GET '/session/00dae27a-c9d7-4558-8933-3fa46a9c4495/element/41169cc2-1c9d-4976-8770-858283f4ac84/name'
10:25:01.206 [AsyncHttpClient-1-2] DEBUG org.asynchttpclient.netty.handler.HttpHandler - 

Request DefaultFullHttpRequest(decodeResult: success, version: HTTP/1.1, content: EmptyByteBufBE)
GET /session/00dae27a-c9d7-4558-8933-3fa46a9c4495/element/41169cc2-1c9d-4976-8770-858283f4ac84/name HTTP/1.1
User-Agent: selenium/4.0.0-beta-3 (java windows)
Cache-Control: no-cache
Content-Type: application/json; charset=utf-8
host: localhost:35963
accept: */*

Response DefaultHttpResponse(decodeResult: success, version: HTTP/1.1)
HTTP/1.1 200 OK
content-type: application/json; charset=utf-8
cache-control: no-cache
content-length: 18
date: Mon, 16 Oct 2023 09:25:00 GMT

10:25:01.206 [AsyncHttpClient-1-2] DEBUG org.asynchttpclient.netty.channel.ChannelManager - Adding key: http://localhost:35963 for channel [id: 0x279a2490, L:/127.0.0.1:57816 - R:localhost/127.0.0.1:35963]
10:25:01.209 [Forwarding getElementDomAttribute on session 00dae27a-c9d7-4558-8933-3fa46a9c4495 to remote] DEBUG org.asynchttpclient.netty.request.NettyRequestSender - Using pooled Channel '[id: 0x279a2490, L:/127.0.0.1:57816 - R:localhost/127.0.0.1:35963]' for 'GET' to 'http://localhost:35963/session/00dae27a-c9d7-4558-8933-3fa46a9c4495/element/41169cc2-1c9d-4976-8770-858283f4ac84/attribute/multiple'
[...]
host: localhost:35963
accept: */*

Response DefaultHttpResponse(decodeResult: success, version: HTTP/1.1)
HTTP/1.1 200 OK
content-type: application/json; charset=utf-8
cache-control: no-cache
content-length: 14
date: Mon, 16 Oct 2023 09:25:00 GMT

10:25:01.224 [AsyncHttpClient-1-2] DEBUG org.asynchttpclient.netty.channel.ChannelManager - Adding key: http://localhost:35963 for channel [id: 0x279a2490, L:/127.0.0.1:57816 - R:localhost/127.0.0.1:35963]
10:25:01.233 [Forwarding findChildElements on session 00dae27a-c9d7-4558-8933-3fa46a9c4495 to remote] DEBUG org.asynchttpclient.netty.request.NettyRequestSender - Using pooled Channel '[id: 0x279a2490, L:/127.0.0.1:57816 - R:localhost/127.0.0.1:35963]' for 'POST' to 'http://localhost:35963/session/00dae27a-c9d7-4558-8933-3fa46a9c4495/element/41169cc2-1c9d-4976-8770-858283f4ac84/elements'
10:25:01.233 [Forwarding findChildElements on session 00dae27a-c9d7-4558-8933-3fa46a9c4495 to remote] DEBUG org.asynchttpclient.netty.request.NettyRequestSender - Using open Channel [id: 0x279a2490, L:/127.0.0.1:57816 - R:localhost/127.0.0.1:35963] for POST '/session/00dae27a-c9d7-4558-8933-3fa46a9c4495/element/41169cc2-1c9d-4976-8770-858283f4ac84/elements'
10:25:01.384 [AsyncHttpClient-1-2] DEBUG org.asynchttpclient.netty.handler.HttpHandler - 

Request DefaultHttpRequest(decodeResult: success, version: HTTP/1.1)
POST /session/00dae27a-c9d7-4558-8933-3fa46a9c4495/element/41169cc2-1c9d-4976-8770-858283f4ac84/elements HTTP/1.1
User-Agent: selenium/4.0.0-beta-3 (java windows)
Content-Length: 120
Content-Type: application/json; charset=utf-8
host: localhost:35963
accept: */*

Response DefaultHttpResponse(decodeResult: success, version: HTTP/1.1)
HTTP/1.1 200 OK
content-type: application/json; charset=utf-8
cache-control: no-cache
content-length: 90
date: Mon, 16 Oct 2023 09:25:00 GMT

10:25:01.384 [AsyncHttpClient-1-2] DEBUG org.asynchttpclient.netty.channel.ChannelManager - Adding key: http://localhost:35963 for channel [id: 0x279a2490, L:/127.0.0.1:57816 - R:localhost/127.0.0.1:35963]
10:25:01.387 [Forwarding isElementSelected on session 00dae27a-c9d7-4558-8933-3fa46a9c4495 to remote] DEBUG org.asynchttpclient.netty.request.NettyRequestSender - Using pooled Channel '[id: 0x279a2490, L:/127.0.0.1:57816 - R:localhost/127.0.0.1:35963]' for 'GET' to 'http://localhost:35963/session/00dae27a-c9d7-4558-8933-3fa46a9c4495/element/2e441326-cce9-4de9-9502-21f55fcdfee1/selected'
10:25:01.387 [Forwarding isElementSelected on session 00dae27a-c9d7-4558-8933-3fa46a9c4495 to remote] DEBUG org.asynchttpclient.netty.request.NettyRequestSender - Using open Channel [id: 0x279a2490, L:/127.0.0.1:57816 - R:localhost/127.0.0.1:35963] for GET '/session/00dae27a-c9d7-4558-8933-3fa46a9c4495/element/2e441326-cce9-4de9-9502-21f55fcdfee1/selected'
10:25:01.649 [AsyncHttpClient-1-2] DEBUG org.asynchttpclient.netty.handler.HttpHandler - 

Request DefaultFullHttpRequest(decodeResult: success, version: HTTP/1.1, content: EmptyByteBufBE)
GET /session/00dae27a-c9d7-4558-8933-3fa46a9c4495/element/2e441326-cce9-4de9-9502-21f55fcdfee1/selected HTTP/1.1
User-Agent: selenium/4.0.0-beta-3 (java windows)
Cache-Control: no-cache
Content-Type: application/json; charset=utf-8
host: localhost:35963
accept: */*

Response DefaultHttpResponse(decodeResult: success, version: HTTP/1.1)
HTTP/1.1 200 OK
content-type: application/json; charset=utf-8
cache-control: no-cache
content-length: 15
date: Mon, 16 Oct 2023 09:25:00 GMT

10:25:01.650 [AsyncHttpClient-1-2] DEBUG org.asynchttpclient.netty.channel.ChannelManager - Adding key: http://localhost:35963 for channel [id: 0x279a2490, L:/127.0.0.1:57816 - R:localhost/127.0.0.1:35963]
10:25:01.653 [Forwarding clickElement on session 00dae27a-c9d7-4558-8933-3fa46a9c4495 to remote] DEBUG org.asynchttpclient.netty.request.NettyRequestSender - Using pooled Channel '[id: 0x279a2490, L:/127.0.0.1:57816 - R:localhost/127.0.0.1:35963]' for 'POST' to 'http://localhost:35963/session/00dae27a-c9d7-4558-8933-3fa46a9c4495/element/2e441326-cce9-4de9-9502-21f55fcdfee1/click'
10:25:01.653 [Forwarding clickElement on session 00dae27a-c9d7-4558-8933-3fa46a9c4495 to remote] DEBUG org.asynchttpclient.netty.request.NettyRequestSender - Using open Channel [id: 0x279a2490, L:/127.0.0.1:57816 - R:localhost/127.0.0.1:35963] for POST '/session/00dae27a-c9d7-4558-8933-3fa46a9c4495/element/2e441326-cce9-4de9-9502-21f55fcdfee1/click'
10:25:02.185 [AsyncHttpClient-1-2] DEBUG org.asynchttpclient.netty.handler.HttpHandler - 

Request DefaultHttpRequest(decodeResult: success, version: HTTP/1.1)
POST /session/00dae27a-c9d7-4558-8933-3fa46a9c4495/element/2e441326-cce9-4de9-9502-21f55fcdfee1/click HTTP/1.1
User-Agent: selenium/4.0.0-beta-3 (java windows)
Content-Length: 50
Content-Type: application/json; charset=utf-8
host: localhost:35963
accept: */*

Response DefaultHttpResponse(decodeResult: success, version: HTTP/1.1)
HTTP/1.1 200 OK
content-type: application/json; charset=utf-8
cache-control: no-cache
content-length: 14
date: Mon, 16 Oct 2023 09:25:01 GMT

10:25:02.185 [AsyncHttpClient-1-2] DEBUG org.asynchttpclient.netty.channel.ChannelManager - Adding key: http://localhost:35963 for channel [id: 0x279a2490, L:/127.0.0.1:57816 - R:localhost/127.0.0.1:35963]
  When the user increases the quantity of the product by 2                                   # stepDefinitions.steps.the_user_increases_the_quantity_of_the_product_by(java.lang.Integer)
10:25:02.194 [Forwarding findElement on session 00dae27a-c9d7-4558-8933-3fa46a9c4495 to remote] DEBUG org.asynchttpclient.netty.request.NettyRequestSender - Using pooled Channel '[id: 0x279a2490, L:/127.0.0.1:57816 - R:localhost/127.0.0.1:35963]' for 'POST' to 'http://localhost:35963/session/00dae27a-c9d7-4558-8933-3fa46a9c4495/element'
10:25:02.194 [Forwarding findElement on session 00dae27a-c9d7-4558-8933-3fa46a9c4495 to remote] DEBUG org.asynchttpclient.netty.request.NettyRequestSender - Using open Channel [id: 0x279a2490, L:/127.0.0.1:57816 - R:localhost/127.0.0.1:35963] for POST '/session/00dae27a-c9d7-4558-8933-3fa46a9c4495/element'
10:25:02.396 [AsyncHttpClient-1-2] DEBUG org.asynchttpclient.netty.handler.HttpHandler - 

Request DefaultHttpRequest(decodeResult: success, version: HTTP/1.1)
POST /session/00dae27a-c9d7-4558-8933-3fa46a9c4495/element HTTP/1.1
User-Agent: selenium/4.0.0-beta-3 (java windows)
Content-Length: 69
Content-Type: application/json; charset=utf-8
host: localhost:35963
accept: */*

Response DefaultHttpResponse(decodeResult: success, version: HTTP/1.1)
HTTP/1.1 200 OK
content-type: application/json; charset=utf-8
cache-control: no-cache
content-length: 88
date: Mon, 16 Oct 2023 09:25:01 GMT

10:25:02.397 [AsyncHttpClient-1-2] DEBUG org.asynchttpclient.netty.channel.ChannelManager - Adding key: http://localhost:35963 for channel [id: 0x279a2490, L:/127.0.0.1:57816 - R:localhost/127.0.0.1:35963]
10:25:02.399 [Forwarding getElementText on session 00dae27a-c9d7-4558-8933-3fa46a9c4495 to remote] DEBUG org.asynchttpclient.netty.request.NettyRequestSender - Using pooled Channel '[id: 0x279a2490, L:/127.0.0.1:57816 - R:localhost/127.0.0.1:35963]' for 'GET' to 'http://localhost:35963/session/00dae27a-c9d7-4558-8933-3fa46a9c4495/element/385f860e-9988-4ca5-b296-4c9fecec1e60/text'
10:25:02.399 [Forwarding getElementText on session 00dae27a-c9d7-4558-8933-3fa46a9c4495 to remote] DEBUG org.asynchttpclient.netty.request.NettyRequestSender - Using open Channel [id: 0x279a2490, L:/127.0.0.1:57816 - R:localhost/127.0.0.1:35963] for GET '/session/00dae27a-c9d7-4558-8933-3fa46a9c4495/element/385f860e-9988-4ca5-b296-4c9fecec1e60/text'
10:25:02.703 [AsyncHttpClient-1-2] DEBUG org.asynchttpclient.netty.handler.HttpHandler - 

Request DefaultFullHttpRequest(decodeResult: success, version: HTTP/1.1, content: EmptyByteBufBE)
GET /session/00dae27a-c9d7-4558-8933-3fa46a9c4495/element/385f860e-9988-4ca5-b296-4c9fecec1e60/text HTTP/1.1
User-Agent: selenium/4.0.0-beta-3 (java windows)
Cache-Control: no-cache
Content-Type: application/json; charset=utf-8
host: localhost:35963
accept: */*

Response DefaultHttpResponse(decodeResult: success, version: HTTP/1.1)
HTTP/1.1 200 OK
content-type: application/json; charset=utf-8
cache-control: no-cache
content-length: 13
date: Mon, 16 Oct 2023 09:25:01 GMT

10:25:02.703 [AsyncHttpClient-1-2] DEBUG org.asynchttpclient.netty.channel.ChannelManager - Adding key: http://localhost:35963 for channel [id: 0x279a2490, L:/127.0.0.1:57816 - R:localhost/127.0.0.1:35963]
  Then the products should reflect the increased quantity                                    # stepDefinitions.steps.the_products_should_reflect_the_increased_quantity()
10:25:03.693 [AsyncHttpClient-1-1] DEBUG org.asynchttpclient.netty.channel.DefaultChannelPool - Entry count for : http://localhost:35963 : 1
]]></system-out>
    <system-err><![CDATA[1697448205150	geckodriver	INFO	Listening on 127.0.0.1:35963
1697448205717	mozrunner::runner	INFO	Running command: "C:\\Program Files\\Mozilla Firefox\\firefox.exe" "--marionette" "--remote-debugging-port" "9222" "--remote-allow-hosts" "localhost" "-no-remote" "-profile" "C:\\Users\\PC\\AppData\\Local\\Temp\\rust_mozprofileRIzagE"
console.warn: services.settings: Ignoring preference override of remote settings server
console.warn: services.settings: Allow by setting MOZ_REMOTE_SETTINGS_DEVTOOLS=1 in the environment
1697448206376	Marionette	INFO	Marionette enabled
Dynamically enable window occlusion 0
1697448206519	Marionette	INFO	Listening on port 57819
WebDriver BiDi listening on ws://127.0.0.1:9222
Read port: 57819
1697448207315	RemoteAgent	WARN	TLS certificate errors will be ignored for this session
DevTools listening on ws://127.0.0.1:9222/devtools/browser/46eba059-8656-4ec3-91ab-4fea1685f02f
Oct 16, 2023 10:23:31 AM org.openqa.selenium.remote.ProtocolHandshake createSession
INFO: Detected dialect: W3C
JavaScript warning: https://www.argos.co.uk/cOSFhh/qxQzv/bFdsR/cw/Ni5EVSbf2kJur9/Dmt0/Rz/scWxBedCMB, line 1: unreachable code after return statement
JavaScript warning: https://www.argos.co.uk/cOSFhh/qxQzv/bFdsR/cw/Ni5EVSbf2kJur9/Dmt0/Rz/scWxBedCMB, line 1: WEBGL_debug_renderer_info is deprecated in Firefox and will be removed. Please use RENDERER.
JavaScript warning: https://www.argos.co.uk/cOSFhh/qxQzv/bFdsR/cw/Ni5EVSbf2kJur9/Dmt0/Rz/scWxBedCMB, line 1: WEBGL_debug_renderer_info is deprecated in Firefox and will be removed. Please use RENDERER.
JavaScript warning: https://www.argos.co.uk/cOSFhh/qxQzv/bFdsR/cw/Ni5EVSbf2kJur9/Dmt0/Rz/scWxBedCMB, line 1: WEBGL_debug_renderer_info is deprecated in Firefox and will be removed. Please use RENDERER.
console.warn: LoginRecipes: "Falling back to a synchronous message for: https://www.argos.co.uk."
JavaScript warning: https://www.argos.co.uk/cOSFhh/qxQzv/bFdsR/cw/Ni5EVSbf2kJur9/Dmt0/Rz/scWxBedCMB, line 1: unreachable code after return statement
JavaScript warning: https://www.argos.co.uk/cOSFhh/qxQzv/bFdsR/cw/Ni5EVSbf2kJur9/Dmt0/Rz/scWxBedCMB, line 1: WEBGL_debug_renderer_info is deprecated in Firefox and will be removed. Please use RENDERER.
JavaScript warning: https://www.argos.co.uk/cOSFhh/qxQzv/bFdsR/cw/Ni5EVSbf2kJur9/Dmt0/Rz/scWxBedCMB, line 1: WEBGL_debug_renderer_info is deprecated in Firefox and will be removed. Please use RENDERER.
JavaScript warning: https://www.argos.co.uk/cOSFhh/qxQzv/bFdsR/cw/Ni5EVSbf2kJur9/Dmt0/Rz/scWxBedCMB, line 1: WEBGL_debug_renderer_info is deprecated in Firefox and will be removed. Please use RENDERER.
JavaScript error: , line 0: TypeError: NetworkError when attempting to fetch resource.
JavaScript warning: https://ff.kis.v2.scr.kaspersky-labs.com/FD126C42-EBFA-4E12-B309-BB3FDD723AC1/main.js?attr=R_IadmDg73Euplx8an67zLs2EJIjOhhs45M6xolmU-1Jh34zu3AeONl1AkCx12_8T8a9sRHwa9sj9cJgsgLgZg, line 1432: Script terminated by timeout at:
ns.WebSocketCaller/this.StopReceive@https://ff.kis.v2.scr.kaspersky-labs.com/FD126C42-EBFA-4E12-B309-BB3FDD723AC1/main.js?attr=R_IadmDg73Euplx8an67zLs2EJIjOhhs45M6xolmU-1Jh34zu3AeONl1AkCx12_8T8a9sRHwa9sj9cJgsgLgZg:1432:5
CallReceiver/this.UnregisterAll@https://ff.kis.v2.scr.kaspersky-labs.com/FD126C42-EBFA-4E12-B309-BB3FDD723AC1/main.js?attr=R_IadmDg73Euplx8an67zLs2EJIjOhhs45M6xolmU-1Jh34zu3AeONl1AkCx12_8T8a9sRHwa9sj9cJgsgLgZg:1528:24
Stop@https://ff.kis.v2.scr.kaspersky-labs.com/FD126C42-EBFA-4E12-B309-BB3FDD723AC1/main.js?attr=R_IadmDg73Euplx8an67zLs2EJIjOhhs45M6xolmU-1Jh34zu3AeONl1AkCx12_8T8a9sRHwa9sj9cJgsgLgZg:1658:32
KasperskyLabSessionClass/<@https://ff.kis.v2.scr.kaspersky-labs.com/FD126C42-EBFA-4E12-B309-BB3FDD723AC1/main.js?attr=R_IadmDg73Euplx8an67zLs2EJIjOhhs45M6xolmU-1Jh34zu3AeONl1AkCx12_8T8a9sRHwa9sj9cJgsgLgZg:1841:21
ns.AddEventListener/<@https://ff.kis.v2.scr.kaspersky-labs.com/FD126C42-EBFA-4E12-B309-BB3FDD723AC1/main.js?attr=R_IadmDg73Euplx8an67zLs2EJIjOhhs45M6xolmU-1Jh34zu3AeONl1AkCx12_8T8a9sRHwa9sj9cJgsgLgZg:261:29

JavaScript warning: https://cdn.gbqofs.com/sainsburys/argos/p/detector-dom.min.js, line 178: asm.js type error: cannot create array view without an asm.js heap parameter
JavaScript warning: https://cdn.gbqofs.com/sainsburys/argos/p/detector-dom.min.js, line 178: asm.js type error: cannot create array view without an asm.js heap parameter
1697448251928	Marionette	WARN	TimedPromise timed out after 500 ms: stacktrace:
TimedPromise/<@chrome://remote/content/marionette/sync.sys.mjs:219:24
TimedPromise@chrome://remote/content/marionette/sync.sys.mjs:203:10
interaction.flushEventLoop@chrome://remote/content/marionette/interaction.sys.mjs:429:10
webdriverClickElement@chrome://remote/content/marionette/interaction.sys.mjs:178:31
JavaScript warning: https://pagead2.googlesyndication.com/bg/4QJGLNlKfnVz3XQjPF9W03cPcyZJorHT7_BXddCCsBM.js line 2 > eval line 7571 > eval line 1 > eval line 1 > eval, line 1: WEBGL_debug_renderer_info is deprecated in Firefox and will be removed. Please use RENDERER.
JavaScript warning: https://www.argos.co.uk/cOSFhh/qxQzv/bFdsR/cw/Ni5EVSbf2kJur9/Dmt0/Rz/scWxBedCMB, line 1: unreachable code after return statement
JavaScript warning: https://www.argos.co.uk/cOSFhh/qxQzv/bFdsR/cw/Ni5EVSbf2kJur9/Dmt0/Rz/scWxBedCMB, line 1: WEBGL_debug_renderer_info is deprecated in Firefox and will be removed. Please use RENDERER.
JavaScript warning: https://www.argos.co.uk/cOSFhh/qxQzv/bFdsR/cw/Ni5EVSbf2kJur9/Dmt0/Rz/scWxBedCMB, line 1: WEBGL_debug_renderer_info is deprecated in Firefox and will be removed. Please use RENDERER.
JavaScript warning: https://www.argos.co.uk/cOSFhh/qxQzv/bFdsR/cw/Ni5EVSbf2kJur9/Dmt0/Rz/scWxBedCMB, line 1: WEBGL_debug_renderer_info is deprecated in Firefox and will be removed. Please use RENDERER.
JavaScript warning: https://cdn.gbqofs.com/sainsburys/argos/p/detector-dom.min.js, line 178: asm.js type error: cannot create array view without an asm.js heap parameter
JavaScript warning: https://cdn.gbqofs.com/sainsburys/argos/p/detector-dom.min.js, line 178: asm.js type error: cannot create array view without an asm.js heap parameter
JavaScript warning: https://www.paypal.com/sdk/js?client-id=AfpMAdELR-HyL-rxVf_QkvwjvLXC0G4-J65nmiLuZPOFqJLrr5onuoXtKxsWpIvFiyD9VO7061oa0hNw&components=messages, line 2: Script terminated by timeout at:
e.try@https://www.paypal.com/sdk/js?client-id=AfpMAdELR-HyL-rxVf_QkvwjvLXC0G4-J65nmiLuZPOFqJLrr5onuoXtKxsWpIvFiyD9VO7061oa0hNw&components=messages:2:65723
g@https://www.paypal.com/sdk/js?client-id=AfpMAdELR-HyL-rxVf_QkvwjvLXC0G4-J65nmiLuZPOFqJLrr5onuoXtKxsWpIvFiyD9VO7061oa0hNw&components=messages:2:103874
ot/<@https://www.paypal.com/sdk/js?client-id=AfpMAdELR-HyL-rxVf_QkvwjvLXC0G4-J65nmiLuZPOFqJLrr5onuoXtKxsWpIvFiyD9VO7061oa0hNw&components=messages:2:104970

JavaScript warning: https://cdn.gbqofs.com/sainsburys/argos/p/detector-dom.min.js, line 178: asm.js type error: cannot create array view without an asm.js heap parameter
JavaScript warning: https://www.paypal.com/sdk/js?client-id=AfpMAdELR-HyL-rxVf_QkvwjvLXC0G4-J65nmiLuZPOFqJLrr5onuoXtKxsWpIvFiyD9VO7061oa0hNw&components=messages, line 2: Script terminated by timeout at:
ye/<@https://www.paypal.com/sdk/js?client-id=AfpMAdELR-HyL-rxVf_QkvwjvLXC0G4-J65nmiLuZPOFqJLrr5onuoXtKxsWpIvFiyD9VO7061oa0hNw&components=messages:2:76258
ye@https://www.paypal.com/sdk/js?client-id=AfpMAdELR-HyL-rxVf_QkvwjvLXC0G4-J65nmiLuZPOFqJLrr5onuoXtKxsWpIvFiyD9VO7061oa0hNw&components=messages:2:76216
c@https://www.paypal.com/sdk/js?client-id=AfpMAdELR-HyL-rxVf_QkvwjvLXC0G4-J65nmiLuZPOFqJLrr5onuoXtKxsWpIvFiyD9VO7061oa0hNw&components=messages:2:76894
ht@https://www.paypal.com/sdk/js?client-id=AfpMAdELR-HyL-rxVf_QkvwjvLXC0G4-J65nmiLuZPOFqJLrr5onuoXtKxsWpIvFiyD9VO7061oa0hNw&components=messages:2:110507
yt@https://www.paypal.com/sdk/js?client-id=AfpMAdELR-HyL-rxVf_QkvwjvLXC0G4-J65nmiLuZPOFqJLrr5onuoXtKxsWpIvFiyD9VO7061oa0hNw&components=messages:2:110556
mt@https://www.paypal.com/sdk/js?client-id=AfpMAdELR-HyL-rxVf_QkvwjvLXC0G4-J65nmiLuZPOFqJLrr5onuoXtKxsWpIvFiyD9VO7061oa0hNw&components=messages:2:110696
_t@https://www.paypal.com/sdk/js?client-id=AfpMAdELR-HyL-rxVf_QkvwjvLXC0G4-J65nmiLuZPOFqJLrr5onuoXtKxsWpIvFiyD9VO7061oa0hNw&components=messages:2:111185
Zt@https://www.paypal.com/sdk/js?client-id=AfpMAdELR-HyL-rxVf_QkvwjvLXC0G4-J65nmiLuZPOFqJLrr5onuoXtKxsWpIvFiyD9VO7061oa0hNw&components=messages:2:119080
Gt/o.cross_domain_function/u/r/<@https://www.paypal.com/sdk/js?client-id=AfpMAdELR-HyL-rxVf_QkvwjvLXC0G4-J65nmiLuZPOFqJLrr5onuoXtKxsWpIvFiyD9VO7061oa0hNw&components=messages:2:122022
n.dispatch@https://www.paypal.com/sdk/js?client-id=AfpMAdELR-HyL-rxVf_QkvwjvLXC0G4-J65nmiLuZPOFqJLrr5onuoXtKxsWpIvFiyD9VO7061oa0hNw&components=messages:2:63220
n.then@https://www.paypal.com/sdk/js?client-id=AfpMAdELR-HyL-rxVf_QkvwjvLXC0G4-J65nmiLuZPOFqJLrr5onuoXtKxsWpIvFiyD9VO7061oa0hNw&components=messages:2:63983
r@https://www.paypal.com/sdk/js?client-id=AfpMAdELR-HyL-rxVf_QkvwjvLXC0G4-J65nmiLuZPOFqJLrr5onuoXtKxsWpIvFiyD9VO7061oa0hNw&components=messages:2:121996
ao/y</init/e</<@https://www.paypal.com/sdk/js?client-id=AfpMAdELR-HyL-rxVf_QkvwjvLXC0G4-J65nmiLuZPOFqJLrr5onuoXtKxsWpIvFiyD9VO7061oa0hNw&components=messages:2:175480

JavaScript warning: https://www.argos.co.uk/cOSFhh/qxQzv/bFdsR/cw/Ni5EVSbf2kJur9/Dmt0/Rz/scWxBedCMB, line 1: unreachable code after return statement
JavaScript warning: https://www.argos.co.uk/cOSFhh/qxQzv/bFdsR/cw/Ni5EVSbf2kJur9/Dmt0/Rz/scWxBedCMB, line 1: WEBGL_debug_renderer_info is deprecated in Firefox and will be removed. Please use RENDERER.
JavaScript warning: https://www.argos.co.uk/cOSFhh/qxQzv/bFdsR/cw/Ni5EVSbf2kJur9/Dmt0/Rz/scWxBedCMB, line 1: WEBGL_debug_renderer_info is deprecated in Firefox and will be removed. Please use RENDERER.
JavaScript warning: https://www.argos.co.uk/cOSFhh/qxQzv/bFdsR/cw/Ni5EVSbf2kJur9/Dmt0/Rz/scWxBedCMB, line 1: WEBGL_debug_renderer_info is deprecated in Firefox and will be removed. Please use RENDERER.
JavaScript warning: https://cdn.gbqofs.com/sainsburys/argos/p/detector-dom.min.js, line 178: asm.js type error: cannot create array view without an asm.js heap parameter
JavaScript error: , line 0: NetworkError: FetchEvent.respondWith() Promise rejected
JavaScript warning: https://www.argos.co.uk/cOSFhh/qxQzv/bFdsR/cw/Ni5EVSbf2kJur9/Dmt0/Rz/scWxBedCMB, line 1: unreachable code after return statement
JavaScript warning: https://cdn.gbqofs.com/sainsburys/argos/p/detector-dom.min.js, line 178: asm.js type error: cannot create array view without an asm.js heap parameter
JavaScript warning: https://www.argos.co.uk/cOSFhh/qxQzv/bFdsR/cw/Ni5EVSbf2kJur9/Dmt0/Rz/scWxBedCMB, line 1: WEBGL_debug_renderer_info is deprecated in Firefox and will be removed. Please use RENDERER.
JavaScript warning: https://www.argos.co.uk/cOSFhh/qxQzv/bFdsR/cw/Ni5EVSbf2kJur9/Dmt0/Rz/scWxBedCMB, line 1: WEBGL_debug_renderer_info is deprecated in Firefox and will be removed. Please use RENDERER.
JavaScript warning: https://www.argos.co.uk/cOSFhh/qxQzv/bFdsR/cw/Ni5EVSbf2kJur9/Dmt0/Rz/scWxBedCMB, line 1: WEBGL_debug_renderer_info is deprecated in Firefox and will be removed. Please use RENDERER.
]]></system-err>
  </testcase>
</testsuite>